{"/home/aaron/Projects/toolshed/app/entry.client.tsx": {"path":"/home/aaron/Projects/toolshed/app/entry.client.tsx","all":true,"statementMap":{"0":{"start":{"line":1,"column":0},"end":{"line":1,"column":48}},"1":{"start":{"line":2,"column":0},"end":{"line":2,"column":52}},"2":{"start":{"line":3,"column":0},"end":{"line":3,"column":47}},"4":{"start":{"line":5,"column":0},"end":{"line":5,"column":23}},"5":{"start":{"line":6,"column":0},"end":{"line":6,"column":14}},"6":{"start":{"line":7,"column":0},"end":{"line":7,"column":13}},"7":{"start":{"line":8,"column":0},"end":{"line":8,"column":16}},"8":{"start":{"line":9,"column":0},"end":{"line":9,"column":22}},"9":{"start":{"line":10,"column":0},"end":{"line":10,"column":17}},"10":{"start":{"line":11,"column":0},"end":{"line":11,"column":4}},"11":{"start":{"line":12,"column":0},"end":{"line":12,"column":3}}},"s":{"0":0,"1":0,"2":0,"4":0,"5":0,"6":0,"7":0,"8":0,"9":0,"10":0,"11":0},"branchMap":{"0":{"type":"branch","line":1,"loc":{"start":{"line":1,"column":270},"end":{"line":12,"column":3}},"locations":[{"start":{"line":1,"column":270},"end":{"line":12,"column":3}}]}},"b":{"0":[0]},"fnMap":{"0":{"name":"(empty-report)","decl":{"start":{"line":1,"column":270},"end":{"line":12,"column":3}},"loc":{"start":{"line":1,"column":270},"end":{"line":12,"column":3}},"line":1}},"f":{"0":0}}
,"/home/aaron/Projects/toolshed/app/entry.server.tsx": {"path":"/home/aaron/Projects/toolshed/app/entry.server.tsx","all":true,"statementMap":{"0":{"start":{"line":1,"column":0},"end":{"line":1,"column":52}},"4":{"start":{"line":5,"column":0},"end":{"line":5,"column":38}},"5":{"start":{"line":6,"column":0},"end":{"line":6,"column":19}},"6":{"start":{"line":7,"column":0},"end":{"line":7,"column":29}},"7":{"start":{"line":8,"column":0},"end":{"line":8,"column":27}},"8":{"start":{"line":9,"column":0},"end":{"line":9,"column":28}},"9":{"start":{"line":10,"column":0},"end":{"line":10,"column":3}},"10":{"start":{"line":11,"column":0},"end":{"line":11,"column":32}},"11":{"start":{"line":12,"column":0},"end":{"line":12,"column":60}},"12":{"start":{"line":13,"column":0},"end":{"line":13,"column":4}},"14":{"start":{"line":15,"column":0},"end":{"line":15,"column":51}},"16":{"start":{"line":17,"column":0},"end":{"line":17,"column":51}},"17":{"start":{"line":18,"column":0},"end":{"line":18,"column":31}},"18":{"start":{"line":19,"column":0},"end":{"line":19,"column":29}},"19":{"start":{"line":20,"column":0},"end":{"line":20,"column":5}},"20":{"start":{"line":21,"column":0},"end":{"line":21,"column":1}}},"s":{"0":0,"4":0,"5":0,"6":0,"7":0,"8":0,"9":0,"10":0,"11":0,"12":0,"14":0,"16":0,"17":0,"18":0,"19":0,"20":0},"branchMap":{"0":{"type":"branch","line":1,"loc":{"start":{"line":1,"column":0},"end":{"line":21,"column":-200}},"locations":[{"start":{"line":1,"column":0},"end":{"line":21,"column":-200}}]}},"b":{"0":[0]},"fnMap":{"0":{"name":"(empty-report)","decl":{"start":{"line":1,"column":0},"end":{"line":21,"column":-200}},"loc":{"start":{"line":1,"column":0},"end":{"line":21,"column":-200}},"line":1}},"f":{"0":0}}
,"/home/aaron/Projects/toolshed/app/root.tsx": {"path":"/home/aaron/Projects/toolshed/app/root.tsx","all":true,"statementMap":{"0":{"start":{"line":1,"column":0},"end":{"line":1,"column":8}},"9":{"start":{"line":10,"column":0},"end":{"line":10,"column":28}},"10":{"start":{"line":11,"column":0},"end":{"line":11,"column":42}},"11":{"start":{"line":12,"column":0},"end":{"line":12,"column":2}},"13":{"start":{"line":14,"column":0},"end":{"line":14,"column":31}},"14":{"start":{"line":15,"column":0},"end":{"line":15,"column":10}},"15":{"start":{"line":16,"column":0},"end":{"line":16,"column":20}},"16":{"start":{"line":17,"column":0},"end":{"line":17,"column":12}},"17":{"start":{"line":18,"column":0},"end":{"line":18,"column":32}},"18":{"start":{"line":19,"column":0},"end":{"line":19,"column":78}},"19":{"start":{"line":20,"column":0},"end":{"line":20,"column":31}},"20":{"start":{"line":21,"column":0},"end":{"line":21,"column":17}},"21":{"start":{"line":22,"column":0},"end":{"line":22,"column":13}},"22":{"start":{"line":23,"column":0},"end":{"line":23,"column":12}},"23":{"start":{"line":24,"column":0},"end":{"line":24,"column":18}},"24":{"start":{"line":25,"column":0},"end":{"line":25,"column":29}},"25":{"start":{"line":26,"column":0},"end":{"line":26,"column":19}},"26":{"start":{"line":27,"column":0},"end":{"line":27,"column":22}},"27":{"start":{"line":28,"column":0},"end":{"line":28,"column":13}},"28":{"start":{"line":29,"column":0},"end":{"line":29,"column":11}},"30":{"start":{"line":31,"column":0},"end":{"line":31,"column":1}}},"s":{"0":0,"9":0,"10":0,"11":0,"13":0,"14":0,"15":0,"16":0,"17":0,"18":0,"19":0,"20":0,"21":0,"22":0,"23":0,"24":0,"25":0,"26":0,"27":0,"28":0,"30":0},"branchMap":{"0":{"type":"branch","line":1,"loc":{"start":{"line":1,"column":0},"end":{"line":31,"column":-347}},"locations":[{"start":{"line":1,"column":0},"end":{"line":31,"column":-347}}]}},"b":{"0":[0]},"fnMap":{"0":{"name":"(empty-report)","decl":{"start":{"line":1,"column":0},"end":{"line":31,"column":-347}},"loc":{"start":{"line":1,"column":0},"end":{"line":31,"column":-347}},"line":1}},"f":{"0":0}}
,"/home/aaron/Projects/toolshed/app/components/ErrorBoundary.tsx": {"path":"/home/aaron/Projects/toolshed/app/components/ErrorBoundary.tsx","all":true,"statementMap":{"0":{"start":{"line":1,"column":0},"end":{"line":1,"column":71}},"2":{"start":{"line":3,"column":0},"end":{"line":3,"column":33}},"3":{"start":{"line":4,"column":0},"end":{"line":4,"column":32}},"5":{"start":{"line":6,"column":0},"end":{"line":6,"column":36}},"6":{"start":{"line":7,"column":0},"end":{"line":7,"column":12}},"7":{"start":{"line":8,"column":0},"end":{"line":8,"column":80}},"8":{"start":{"line":9,"column":0},"end":{"line":9,"column":37}},"9":{"start":{"line":10,"column":0},"end":{"line":10,"column":64}},"10":{"start":{"line":11,"column":0},"end":{"line":11,"column":26}},"11":{"start":{"line":12,"column":0},"end":{"line":12,"column":15}},"12":{"start":{"line":13,"column":0},"end":{"line":13,"column":68}},"13":{"start":{"line":14,"column":0},"end":{"line":14,"column":30}},"14":{"start":{"line":15,"column":0},"end":{"line":15,"column":15}},"15":{"start":{"line":16,"column":0},"end":{"line":16,"column":53}},"16":{"start":{"line":17,"column":0},"end":{"line":17,"column":84}},"17":{"start":{"line":18,"column":0},"end":{"line":18,"column":14}},"18":{"start":{"line":19,"column":0},"end":{"line":19,"column":12}},"19":{"start":{"line":20,"column":0},"end":{"line":20,"column":20}},"20":{"start":{"line":21,"column":0},"end":{"line":21,"column":230}},"21":{"start":{"line":22,"column":0},"end":{"line":22,"column":11}},"23":{"start":{"line":24,"column":0},"end":{"line":24,"column":14}},"24":{"start":{"line":25,"column":0},"end":{"line":25,"column":14}},"25":{"start":{"line":26,"column":0},"end":{"line":26,"column":12}},"27":{"start":{"line":28,"column":0},"end":{"line":28,"column":3}},"29":{"start":{"line":30,"column":0},"end":{"line":30,"column":10}},"30":{"start":{"line":31,"column":0},"end":{"line":31,"column":78}},"31":{"start":{"line":32,"column":0},"end":{"line":32,"column":35}},"32":{"start":{"line":33,"column":0},"end":{"line":33,"column":62}},"34":{"start":{"line":35,"column":0},"end":{"line":35,"column":13}},"35":{"start":{"line":36,"column":0},"end":{"line":36,"column":51}},"37":{"start":{"line":38,"column":0},"end":{"line":38,"column":12}},"38":{"start":{"line":39,"column":0},"end":{"line":39,"column":35}},"39":{"start":{"line":40,"column":0},"end":{"line":40,"column":17}},"40":{"start":{"line":41,"column":0},"end":{"line":41,"column":52}},"41":{"start":{"line":42,"column":0},"end":{"line":42,"column":226}},"42":{"start":{"line":43,"column":0},"end":{"line":43,"column":11}},"44":{"start":{"line":45,"column":0},"end":{"line":45,"column":19}},"45":{"start":{"line":46,"column":0},"end":{"line":46,"column":12}},"46":{"start":{"line":47,"column":0},"end":{"line":47,"column":20}},"47":{"start":{"line":48,"column":0},"end":{"line":48,"column":230}},"48":{"start":{"line":49,"column":0},"end":{"line":49,"column":11}},"50":{"start":{"line":51,"column":0},"end":{"line":51,"column":14}},"51":{"start":{"line":52,"column":0},"end":{"line":52,"column":14}},"52":{"start":{"line":53,"column":0},"end":{"line":53,"column":12}},"53":{"start":{"line":54,"column":0},"end":{"line":54,"column":10}},"55":{"start":{"line":56,"column":0},"end":{"line":56,"column":1}}},"s":{"0":0,"2":0,"3":0,"5":0,"6":0,"7":0,"8":0,"9":0,"10":0,"11":0,"12":0,"13":0,"14":0,"15":0,"16":0,"17":0,"18":0,"19":0,"20":0,"21":0,"23":0,"24":0,"25":0,"27":0,"29":0,"30":0,"31":0,"32":0,"34":0,"35":0,"37":0,"38":0,"39":0,"40":0,"41":0,"42":0,"44":0,"45":0,"46":0,"47":0,"48":0,"50":0,"51":0,"52":0,"53":0,"55":0},"branchMap":{"0":{"type":"branch","line":1,"loc":{"start":{"line":1,"column":0},"end":{"line":56,"column":-1920}},"locations":[{"start":{"line":1,"column":0},"end":{"line":56,"column":-1920}}]}},"b":{"0":[0]},"fnMap":{"0":{"name":"(empty-report)","decl":{"start":{"line":1,"column":0},"end":{"line":56,"column":-1920}},"loc":{"start":{"line":1,"column":0},"end":{"line":56,"column":-1920}},"line":1}},"f":{"0":0}}
,"/home/aaron/Projects/toolshed/app/components/Layout.tsx": {"path":"/home/aaron/Projects/toolshed/app/components/Layout.tsx","all":true,"statementMap":{"0":{"start":{"line":1,"column":0},"end":{"line":1,"column":42}},"7":{"start":{"line":8,"column":0},"end":{"line":8,"column":57}},"8":{"start":{"line":9,"column":0},"end":{"line":9,"column":10}},"9":{"start":{"line":10,"column":0},"end":{"line":10,"column":45}},"10":{"start":{"line":11,"column":0},"end":{"line":11,"column":32}},"11":{"start":{"line":12,"column":0},"end":{"line":12,"column":29}},"12":{"start":{"line":13,"column":0},"end":{"line":13,"column":10}},"14":{"start":{"line":15,"column":0},"end":{"line":15,"column":1}}},"s":{"0":0,"7":0,"8":0,"9":0,"10":0,"11":0,"12":0,"14":0},"branchMap":{"0":{"type":"branch","line":1,"loc":{"start":{"line":1,"column":0},"end":{"line":15,"column":-80}},"locations":[{"start":{"line":1,"column":0},"end":{"line":15,"column":-80}}]}},"b":{"0":[0]},"fnMap":{"0":{"name":"(empty-report)","decl":{"start":{"line":1,"column":0},"end":{"line":15,"column":-80}},"loc":{"start":{"line":1,"column":0},"end":{"line":15,"column":-80}},"line":1}},"f":{"0":0}}
,"/home/aaron/Projects/toolshed/app/components/Navigation.test.tsx": {"path":"/home/aaron/Projects/toolshed/app/components/Navigation.test.tsx","all":false,"statementMap":{"0":{"start":{"line":1,"column":0},"end":{"line":1,"column":49}},"13":{"start":{"line":14,"column":0},"end":{"line":14,"column":30}},"14":{"start":{"line":15,"column":0},"end":{"line":15,"column":44}},"15":{"start":{"line":16,"column":0},"end":{"line":16,"column":26}},"17":{"start":{"line":18,"column":0},"end":{"line":18,"column":60}},"18":{"start":{"line":19,"column":0},"end":{"line":19,"column":4}},"20":{"start":{"line":21,"column":0},"end":{"line":21,"column":77}},"21":{"start":{"line":22,"column":0},"end":{"line":22,"column":26}},"23":{"start":{"line":24,"column":0},"end":{"line":24,"column":59}},"24":{"start":{"line":25,"column":0},"end":{"line":25,"column":66}},"25":{"start":{"line":26,"column":0},"end":{"line":26,"column":66}},"26":{"start":{"line":27,"column":0},"end":{"line":27,"column":4}},"28":{"start":{"line":29,"column":0},"end":{"line":29,"column":76}},"29":{"start":{"line":30,"column":0},"end":{"line":30,"column":22}},"30":{"start":{"line":31,"column":0},"end":{"line":31,"column":25}},"31":{"start":{"line":32,"column":0},"end":{"line":32,"column":28}},"32":{"start":{"line":33,"column":0},"end":{"line":33,"column":32}},"33":{"start":{"line":34,"column":0},"end":{"line":34,"column":5}},"35":{"start":{"line":36,"column":0},"end":{"line":36,"column":42}},"37":{"start":{"line":38,"column":0},"end":{"line":38,"column":80}},"38":{"start":{"line":39,"column":0},"end":{"line":39,"column":60}},"39":{"start":{"line":40,"column":0},"end":{"line":40,"column":65}},"40":{"start":{"line":41,"column":0},"end":{"line":41,"column":72}},"41":{"start":{"line":42,"column":0},"end":{"line":42,"column":4}},"43":{"start":{"line":44,"column":0},"end":{"line":44,"column":78}},"44":{"start":{"line":45,"column":0},"end":{"line":45,"column":22}},"45":{"start":{"line":46,"column":0},"end":{"line":46,"column":25}},"46":{"start":{"line":47,"column":0},"end":{"line":47,"column":28}},"47":{"start":{"line":48,"column":0},"end":{"line":48,"column":32}},"48":{"start":{"line":49,"column":0},"end":{"line":49,"column":5}},"50":{"start":{"line":51,"column":0},"end":{"line":51,"column":42}},"52":{"start":{"line":53,"column":0},"end":{"line":53,"column":56}},"53":{"start":{"line":54,"column":0},"end":{"line":54,"column":58}},"54":{"start":{"line":55,"column":0},"end":{"line":55,"column":57}},"55":{"start":{"line":56,"column":0},"end":{"line":56,"column":59}},"56":{"start":{"line":57,"column":0},"end":{"line":57,"column":4}},"58":{"start":{"line":59,"column":0},"end":{"line":59,"column":84}},"59":{"start":{"line":60,"column":0},"end":{"line":60,"column":26}},"61":{"start":{"line":62,"column":0},"end":{"line":62,"column":56}},"62":{"start":{"line":63,"column":0},"end":{"line":63,"column":58}},"63":{"start":{"line":64,"column":0},"end":{"line":64,"column":63}},"64":{"start":{"line":65,"column":0},"end":{"line":65,"column":65}},"65":{"start":{"line":66,"column":0},"end":{"line":66,"column":4}},"67":{"start":{"line":68,"column":0},"end":{"line":68,"column":70}},"68":{"start":{"line":69,"column":0},"end":{"line":69,"column":22}},"69":{"start":{"line":70,"column":0},"end":{"line":70,"column":25}},"70":{"start":{"line":71,"column":0},"end":{"line":71,"column":28}},"71":{"start":{"line":72,"column":0},"end":{"line":72,"column":32}},"72":{"start":{"line":73,"column":0},"end":{"line":73,"column":5}},"74":{"start":{"line":75,"column":0},"end":{"line":75,"column":42}},"76":{"start":{"line":77,"column":0},"end":{"line":77,"column":78}},"77":{"start":{"line":78,"column":0},"end":{"line":78,"column":86}},"78":{"start":{"line":79,"column":0},"end":{"line":79,"column":84}},"79":{"start":{"line":80,"column":0},"end":{"line":80,"column":88}},"80":{"start":{"line":81,"column":0},"end":{"line":81,"column":88}},"81":{"start":{"line":82,"column":0},"end":{"line":82,"column":4}},"82":{"start":{"line":83,"column":0},"end":{"line":83,"column":2}}},"s":{"0":1,"13":1,"14":1,"15":1,"17":1,"18":1,"20":1,"21":1,"23":1,"24":1,"25":1,"26":1,"28":1,"29":1,"30":1,"31":1,"32":1,"33":1,"35":1,"37":1,"38":1,"39":1,"40":1,"41":1,"43":1,"44":1,"45":1,"46":1,"47":1,"48":1,"50":1,"52":1,"53":1,"54":1,"55":1,"56":1,"58":1,"59":1,"61":1,"62":1,"63":1,"64":1,"65":1,"67":1,"68":1,"69":1,"70":1,"71":1,"72":1,"74":1,"76":1,"77":1,"78":1,"79":1,"80":1,"81":1,"82":1},"branchMap":{"0":{"type":"branch","line":14,"loc":{"start":{"line":14,"column":23},"end":{"line":83,"column":2}},"locations":[{"start":{"line":14,"column":23},"end":{"line":83,"column":2}}]},"1":{"type":"branch","line":15,"loc":{"start":{"line":15,"column":37},"end":{"line":19,"column":3}},"locations":[{"start":{"line":15,"column":37},"end":{"line":19,"column":3}}]},"2":{"type":"branch","line":21,"loc":{"start":{"line":21,"column":70},"end":{"line":27,"column":3}},"locations":[{"start":{"line":21,"column":70},"end":{"line":27,"column":3}}]},"3":{"type":"branch","line":29,"loc":{"start":{"line":29,"column":69},"end":{"line":42,"column":3}},"locations":[{"start":{"line":29,"column":69},"end":{"line":42,"column":3}}]},"4":{"type":"branch","line":44,"loc":{"start":{"line":44,"column":71},"end":{"line":57,"column":3}},"locations":[{"start":{"line":44,"column":71},"end":{"line":57,"column":3}}]},"5":{"type":"branch","line":59,"loc":{"start":{"line":59,"column":77},"end":{"line":66,"column":3}},"locations":[{"start":{"line":59,"column":77},"end":{"line":66,"column":3}}]},"6":{"type":"branch","line":68,"loc":{"start":{"line":68,"column":63},"end":{"line":82,"column":3}},"locations":[{"start":{"line":68,"column":63},"end":{"line":82,"column":3}}]}},"b":{"0":[1],"1":[1],"2":[1],"3":[1],"4":[1],"5":[1],"6":[1]},"fnMap":{},"f":{}}
,"/home/aaron/Projects/toolshed/app/components/Navigation.tsx": {"path":"/home/aaron/Projects/toolshed/app/components/Navigation.tsx","all":false,"statementMap":{"0":{"start":{"line":1,"column":0},"end":{"line":1,"column":68}},"7":{"start":{"line":8,"column":0},"end":{"line":8,"column":55}},"8":{"start":{"line":9,"column":0},"end":{"line":9,"column":33}},"9":{"start":{"line":10,"column":0},"end":{"line":10,"column":66}},"11":{"start":{"line":12,"column":0},"end":{"line":12,"column":33}},"13":{"start":{"line":14,"column":0},"end":{"line":14,"column":28}},"14":{"start":{"line":15,"column":0},"end":{"line":15,"column":68}},"15":{"start":{"line":16,"column":0},"end":{"line":16,"column":82}},"16":{"start":{"line":17,"column":0},"end":{"line":17,"column":4}},"18":{"start":{"line":19,"column":0},"end":{"line":19,"column":35}},"19":{"start":{"line":20,"column":0},"end":{"line":20,"column":68}},"20":{"start":{"line":21,"column":0},"end":{"line":21,"column":82}},"21":{"start":{"line":22,"column":0},"end":{"line":22,"column":79}},"22":{"start":{"line":23,"column":0},"end":{"line":23,"column":85}},"23":{"start":{"line":24,"column":0},"end":{"line":24,"column":4}},"25":{"start":{"line":26,"column":0},"end":{"line":26,"column":82}},"27":{"start":{"line":28,"column":0},"end":{"line":28,"column":10}},"28":{"start":{"line":29,"column":0},"end":{"line":29,"column":77}},"29":{"start":{"line":30,"column":0},"end":{"line":30,"column":62}},"30":{"start":{"line":31,"column":0},"end":{"line":31,"column":51}},"31":{"start":{"line":32,"column":0},"end":{"line":32,"column":32}},"32":{"start":{"line":33,"column":0},"end":{"line":33,"column":61}},"33":{"start":{"line":34,"column":0},"end":{"line":34,"column":83}},"35":{"start":{"line":36,"column":0},"end":{"line":36,"column":21}},"36":{"start":{"line":37,"column":0},"end":{"line":37,"column":18}},"37":{"start":{"line":38,"column":0},"end":{"line":38,"column":65}},"38":{"start":{"line":39,"column":0},"end":{"line":39,"column":41}},"39":{"start":{"line":40,"column":0},"end":{"line":40,"column":21}},"40":{"start":{"line":41,"column":0},"end":{"line":41,"column":33}},"41":{"start":{"line":42,"column":0},"end":{"line":42,"column":32}},"42":{"start":{"line":43,"column":0},"end":{"line":43,"column":32}},"43":{"start":{"line":44,"column":0},"end":{"line":44,"column":32}},"44":{"start":{"line":45,"column":0},"end":{"line":45,"column":80}},"45":{"start":{"line":46,"column":0},"end":{"line":46,"column":130}},"46":{"start":{"line":47,"column":0},"end":{"line":47,"column":87}},"48":{"start":{"line":49,"column":0},"end":{"line":49,"column":29}},"49":{"start":{"line":50,"column":0},"end":{"line":50,"column":23}},"50":{"start":{"line":51,"column":0},"end":{"line":51,"column":17}},"51":{"start":{"line":52,"column":0},"end":{"line":52,"column":18}},"52":{"start":{"line":53,"column":0},"end":{"line":53,"column":16}},"55":{"start":{"line":56,"column":0},"end":{"line":56,"column":66}},"56":{"start":{"line":57,"column":0},"end":{"line":57,"column":32}},"57":{"start":{"line":58,"column":0},"end":{"line":58,"column":59}},"58":{"start":{"line":59,"column":0},"end":{"line":59,"column":100}},"59":{"start":{"line":60,"column":0},"end":{"line":60,"column":21}},"60":{"start":{"line":61,"column":0},"end":{"line":61,"column":30}},"61":{"start":{"line":62,"column":0},"end":{"line":62,"column":114}},"62":{"start":{"line":63,"column":0},"end":{"line":63,"column":17}},"64":{"start":{"line":65,"column":0},"end":{"line":65,"column":23}},"65":{"start":{"line":66,"column":0},"end":{"line":66,"column":20}},"67":{"start":{"line":68,"column":0},"end":{"line":68,"column":59}},"68":{"start":{"line":69,"column":0},"end":{"line":69,"column":21}},"69":{"start":{"line":70,"column":0},"end":{"line":70,"column":29}},"70":{"start":{"line":71,"column":0},"end":{"line":71,"column":104}},"71":{"start":{"line":72,"column":0},"end":{"line":72,"column":17}},"73":{"start":{"line":74,"column":0},"end":{"line":74,"column":23}},"74":{"start":{"line":75,"column":0},"end":{"line":75,"column":21}},"75":{"start":{"line":76,"column":0},"end":{"line":76,"column":32}},"76":{"start":{"line":77,"column":0},"end":{"line":77,"column":160}},"77":{"start":{"line":78,"column":0},"end":{"line":78,"column":17}},"79":{"start":{"line":80,"column":0},"end":{"line":80,"column":23}},"80":{"start":{"line":81,"column":0},"end":{"line":81,"column":20}},"82":{"start":{"line":83,"column":0},"end":{"line":83,"column":16}},"85":{"start":{"line":86,"column":0},"end":{"line":86,"column":37}},"86":{"start":{"line":87,"column":0},"end":{"line":87,"column":19}},"87":{"start":{"line":88,"column":0},"end":{"line":88,"column":27}},"88":{"start":{"line":89,"column":0},"end":{"line":89,"column":248}},"89":{"start":{"line":90,"column":0},"end":{"line":90,"column":68}},"91":{"start":{"line":92,"column":0},"end":{"line":92,"column":61}},"92":{"start":{"line":93,"column":0},"end":{"line":93,"column":36}},"93":{"start":{"line":94,"column":0},"end":{"line":94,"column":101}},"94":{"start":{"line":95,"column":0},"end":{"line":95,"column":115}},"95":{"start":{"line":96,"column":0},"end":{"line":96,"column":22}},"97":{"start":{"line":98,"column":0},"end":{"line":98,"column":101}},"98":{"start":{"line":99,"column":0},"end":{"line":99,"column":112}},"99":{"start":{"line":100,"column":0},"end":{"line":100,"column":22}},"101":{"start":{"line":102,"column":0},"end":{"line":102,"column":21}},"102":{"start":{"line":103,"column":0},"end":{"line":103,"column":16}},"103":{"start":{"line":104,"column":0},"end":{"line":104,"column":14}},"104":{"start":{"line":105,"column":0},"end":{"line":105,"column":12}},"107":{"start":{"line":108,"column":0},"end":{"line":108,"column":28}},"108":{"start":{"line":109,"column":0},"end":{"line":109,"column":35}},"109":{"start":{"line":110,"column":0},"end":{"line":110,"column":47}},"110":{"start":{"line":111,"column":0},"end":{"line":111,"column":39}},"111":{"start":{"line":112,"column":0},"end":{"line":112,"column":19}},"112":{"start":{"line":113,"column":0},"end":{"line":113,"column":31}},"113":{"start":{"line":114,"column":0},"end":{"line":114,"column":30}},"114":{"start":{"line":115,"column":0},"end":{"line":115,"column":30}},"115":{"start":{"line":116,"column":0},"end":{"line":116,"column":30}},"116":{"start":{"line":117,"column":0},"end":{"line":117,"column":102}},"117":{"start":{"line":118,"column":0},"end":{"line":118,"column":158}},"118":{"start":{"line":119,"column":0},"end":{"line":119,"column":73}},"119":{"start":{"line":120,"column":0},"end":{"line":120,"column":58}},"121":{"start":{"line":122,"column":0},"end":{"line":122,"column":27}},"122":{"start":{"line":123,"column":0},"end":{"line":123,"column":21}},"123":{"start":{"line":124,"column":0},"end":{"line":124,"column":15}},"124":{"start":{"line":125,"column":0},"end":{"line":125,"column":16}},"125":{"start":{"line":126,"column":0},"end":{"line":126,"column":14}},"127":{"start":{"line":128,"column":0},"end":{"line":128,"column":10}},"129":{"start":{"line":130,"column":0},"end":{"line":130,"column":1}}},"s":{"0":1,"7":1,"8":6,"9":6,"11":6,"13":6,"14":6,"15":6,"16":6,"18":6,"19":6,"20":6,"21":6,"22":6,"23":6,"25":6,"27":6,"28":6,"29":6,"30":6,"31":6,"32":6,"33":6,"35":6,"36":6,"37":6,"38":6,"39":18,"40":18,"41":18,"42":18,"43":18,"44":6,"45":12,"46":18,"48":18,"49":18,"50":6,"51":6,"52":6,"55":6,"56":6,"57":3,"58":3,"59":3,"60":3,"61":3,"62":3,"64":3,"65":3,"67":3,"68":3,"69":3,"70":3,"71":3,"73":3,"74":3,"75":3,"76":3,"77":3,"79":3,"80":3,"82":6,"85":6,"86":6,"87":6,"88":6,"89":6,"91":6,"92":6,"93":6,"94":6,"95":6,"97":0,"98":0,"99":0,"101":6,"102":6,"103":6,"104":6,"107":6,"108":0,"109":0,"110":0,"111":0,"112":0,"113":0,"114":0,"115":0,"116":0,"117":0,"118":0,"119":0,"121":0,"122":0,"123":0,"124":0,"125":0,"127":6,"129":6},"branchMap":{"0":{"type":"branch","line":8,"loc":{"start":{"line":8,"column":7},"end":{"line":130,"column":1}},"locations":[{"start":{"line":8,"column":7},"end":{"line":130,"column":1}}]},"1":{"type":"branch","line":26,"loc":{"start":{"line":26,"column":21},"end":{"line":26,"column":65}},"locations":[{"start":{"line":26,"column":21},"end":{"line":26,"column":65}}]},"2":{"type":"branch","line":26,"loc":{"start":{"line":26,"column":39},"end":{"line":26,"column":82}},"locations":[{"start":{"line":26,"column":39},"end":{"line":26,"column":82}}]},"3":{"type":"branch","line":57,"loc":{"start":{"line":57,"column":13},"end":{"line":66,"column":20}},"locations":[{"start":{"line":57,"column":13},"end":{"line":66,"column":20}}]},"4":{"type":"branch","line":66,"loc":{"start":{"line":66,"column":14},"end":{"line":81,"column":20}},"locations":[{"start":{"line":66,"column":14},"end":{"line":81,"column":20}}]},"5":{"type":"branch","line":96,"loc":{"start":{"line":96,"column":16},"end":{"line":100,"column":22}},"locations":[{"start":{"line":96,"column":16},"end":{"line":100,"column":22}}]},"6":{"type":"branch","line":108,"loc":{"start":{"line":108,"column":7},"end":{"line":126,"column":14}},"locations":[{"start":{"line":108,"column":7},"end":{"line":126,"column":14}}]},"7":{"type":"branch","line":39,"loc":{"start":{"line":39,"column":30},"end":{"line":50,"column":23}},"locations":[{"start":{"line":39,"column":30},"end":{"line":50,"column":23}}]},"8":{"type":"branch","line":44,"loc":{"start":{"line":44,"column":25},"end":{"line":45,"column":80}},"locations":[{"start":{"line":44,"column":25},"end":{"line":45,"column":80}}]},"9":{"type":"branch","line":45,"loc":{"start":{"line":45,"column":24},"end":{"line":46,"column":130}},"locations":[{"start":{"line":45,"column":24},"end":{"line":46,"column":130}}]}},"b":{"0":[6],"1":[3],"2":[3],"3":[3],"4":[3],"5":[0],"6":[0],"7":[18],"8":[6],"9":[12]},"fnMap":{"0":{"name":"Navigation","decl":{"start":{"line":8,"column":7},"end":{"line":130,"column":1}},"loc":{"start":{"line":8,"column":7},"end":{"line":130,"column":1}},"line":8},"1":{"name":"onClick","decl":{"start":{"line":90,"column":23},"end":{"line":90,"column":68}},"loc":{"start":{"line":90,"column":23},"end":{"line":90,"column":68}},"line":90}},"f":{"0":6,"1":0}}
,"/home/aaron/Projects/toolshed/app/routes/_index.tsx": {"path":"/home/aaron/Projects/toolshed/app/routes/_index.tsx","all":true,"statementMap":{"0":{"start":{"line":1,"column":0},"end":{"line":1,"column":72}},"4":{"start":{"line":5,"column":0},"end":{"line":5,"column":63}},"5":{"start":{"line":6,"column":0},"end":{"line":6,"column":68}},"6":{"start":{"line":7,"column":0},"end":{"line":7,"column":45}},"7":{"start":{"line":8,"column":0},"end":{"line":8,"column":24}},"8":{"start":{"line":9,"column":0},"end":{"line":9,"column":1}},"10":{"start":{"line":11,"column":0},"end":{"line":11,"column":33}},"11":{"start":{"line":12,"column":0},"end":{"line":12,"column":50}},"12":{"start":{"line":13,"column":0},"end":{"line":13,"column":43}},"13":{"start":{"line":14,"column":0},"end":{"line":14,"column":60}},"15":{"start":{"line":16,"column":0},"end":{"line":16,"column":10}},"16":{"start":{"line":17,"column":0},"end":{"line":17,"column":24}},"17":{"start":{"line":18,"column":0},"end":{"line":18,"column":69}},"19":{"start":{"line":20,"column":0},"end":{"line":20,"column":25}},"20":{"start":{"line":21,"column":0},"end":{"line":21,"column":95}},"21":{"start":{"line":22,"column":0},"end":{"line":22,"column":121}},"22":{"start":{"line":23,"column":0},"end":{"line":23,"column":16}},"25":{"start":{"line":26,"column":0},"end":{"line":26,"column":46}},"26":{"start":{"line":27,"column":0},"end":{"line":27,"column":99}},"27":{"start":{"line":28,"column":0},"end":{"line":28,"column":75}},"30":{"start":{"line":31,"column":0},"end":{"line":31,"column":14}},"31":{"start":{"line":32,"column":0},"end":{"line":32,"column":17}},"33":{"start":{"line":34,"column":0},"end":{"line":34,"column":69}},"34":{"start":{"line":35,"column":0},"end":{"line":35,"column":36}},"35":{"start":{"line":36,"column":0},"end":{"line":36,"column":101}},"36":{"start":{"line":37,"column":0},"end":{"line":37,"column":56}},"38":{"start":{"line":39,"column":0},"end":{"line":39,"column":16}},"39":{"start":{"line":40,"column":0},"end":{"line":40,"column":134}},"40":{"start":{"line":41,"column":0},"end":{"line":41,"column":16}},"42":{"start":{"line":43,"column":0},"end":{"line":43,"column":36}},"43":{"start":{"line":44,"column":0},"end":{"line":44,"column":103}},"44":{"start":{"line":45,"column":0},"end":{"line":45,"column":56}},"46":{"start":{"line":47,"column":0},"end":{"line":47,"column":16}},"47":{"start":{"line":48,"column":0},"end":{"line":48,"column":134}},"48":{"start":{"line":49,"column":0},"end":{"line":49,"column":16}},"50":{"start":{"line":51,"column":0},"end":{"line":51,"column":36}},"51":{"start":{"line":52,"column":0},"end":{"line":52,"column":100}},"52":{"start":{"line":53,"column":0},"end":{"line":53,"column":56}},"54":{"start":{"line":55,"column":0},"end":{"line":55,"column":16}},"55":{"start":{"line":56,"column":0},"end":{"line":56,"column":134}},"56":{"start":{"line":57,"column":0},"end":{"line":57,"column":53}},"57":{"start":{"line":58,"column":0},"end":{"line":58,"column":19}},"58":{"start":{"line":59,"column":0},"end":{"line":59,"column":16}},"59":{"start":{"line":60,"column":0},"end":{"line":60,"column":14}},"61":{"start":{"line":62,"column":0},"end":{"line":62,"column":152}},"62":{"start":{"line":63,"column":0},"end":{"line":63,"column":19}},"63":{"start":{"line":64,"column":0},"end":{"line":64,"column":14}},"64":{"start":{"line":65,"column":0},"end":{"line":65,"column":114}},"65":{"start":{"line":66,"column":0},"end":{"line":66,"column":75}},"67":{"start":{"line":68,"column":0},"end":{"line":68,"column":18}},"68":{"start":{"line":69,"column":0},"end":{"line":69,"column":67}},"69":{"start":{"line":70,"column":0},"end":{"line":70,"column":82}},"70":{"start":{"line":71,"column":0},"end":{"line":71,"column":84}},"71":{"start":{"line":72,"column":0},"end":{"line":72,"column":83}},"72":{"start":{"line":73,"column":0},"end":{"line":73,"column":20}},"73":{"start":{"line":74,"column":0},"end":{"line":74,"column":15}},"75":{"start":{"line":76,"column":0},"end":{"line":76,"column":14}},"76":{"start":{"line":77,"column":0},"end":{"line":77,"column":109}},"77":{"start":{"line":78,"column":0},"end":{"line":78,"column":75}},"79":{"start":{"line":80,"column":0},"end":{"line":80,"column":18}},"80":{"start":{"line":81,"column":0},"end":{"line":81,"column":67}},"81":{"start":{"line":82,"column":0},"end":{"line":82,"column":86}},"82":{"start":{"line":83,"column":0},"end":{"line":83,"column":78}},"83":{"start":{"line":84,"column":0},"end":{"line":84,"column":20}},"84":{"start":{"line":85,"column":0},"end":{"line":85,"column":15}},"86":{"start":{"line":87,"column":0},"end":{"line":87,"column":14}},"87":{"start":{"line":88,"column":0},"end":{"line":88,"column":13}},"88":{"start":{"line":89,"column":0},"end":{"line":89,"column":13}},"90":{"start":{"line":91,"column":0},"end":{"line":91,"column":1}}},"s":{"0":0,"4":0,"5":0,"6":0,"7":0,"8":0,"10":0,"11":0,"12":0,"13":0,"15":0,"16":0,"17":0,"19":0,"20":0,"21":0,"22":0,"25":0,"26":0,"27":0,"30":0,"31":0,"33":0,"34":0,"35":0,"36":0,"38":0,"39":0,"40":0,"42":0,"43":0,"44":0,"46":0,"47":0,"48":0,"50":0,"51":0,"52":0,"54":0,"55":0,"56":0,"57":0,"58":0,"59":0,"61":0,"62":0,"63":0,"64":0,"65":0,"67":0,"68":0,"69":0,"70":0,"71":0,"72":0,"73":0,"75":0,"76":0,"77":0,"79":0,"80":0,"81":0,"82":0,"83":0,"84":0,"86":0,"87":0,"88":0,"90":0},"branchMap":{"0":{"type":"branch","line":1,"loc":{"start":{"line":1,"column":0},"end":{"line":91,"column":-2480}},"locations":[{"start":{"line":1,"column":0},"end":{"line":91,"column":-2480}}]}},"b":{"0":[0]},"fnMap":{"0":{"name":"(empty-report)","decl":{"start":{"line":1,"column":0},"end":{"line":91,"column":-2480}},"loc":{"start":{"line":1,"column":0},"end":{"line":91,"column":-2480}},"line":1}},"f":{"0":0}}
,"/home/aaron/Projects/toolshed/app/routes/admin._index.tsx": {"path":"/home/aaron/Projects/toolshed/app/routes/admin._index.tsx","all":true,"statementMap":{"0":{"start":{"line":1,"column":0},"end":{"line":1,"column":72}},"5":{"start":{"line":6,"column":0},"end":{"line":6,"column":41}},"6":{"start":{"line":7,"column":0},"end":{"line":7,"column":10}},"7":{"start":{"line":8,"column":0},"end":{"line":8,"column":44}},"8":{"start":{"line":9,"column":0},"end":{"line":9,"column":89}},"9":{"start":{"line":10,"column":0},"end":{"line":10,"column":4}},"10":{"start":{"line":11,"column":0},"end":{"line":11,"column":2}},"12":{"start":{"line":13,"column":0},"end":{"line":13,"column":63}},"13":{"start":{"line":14,"column":0},"end":{"line":14,"column":38}},"14":{"start":{"line":15,"column":0},"end":{"line":15,"column":38}},"15":{"start":{"line":16,"column":0},"end":{"line":16,"column":52}},"16":{"start":{"line":17,"column":0},"end":{"line":17,"column":57}},"18":{"start":{"line":19,"column":0},"end":{"line":19,"column":17}},"19":{"start":{"line":20,"column":0},"end":{"line":20,"column":29}},"20":{"start":{"line":21,"column":0},"end":{"line":21,"column":29}},"21":{"start":{"line":22,"column":0},"end":{"line":22,"column":43}},"22":{"start":{"line":23,"column":0},"end":{"line":23,"column":79}},"23":{"start":{"line":24,"column":0},"end":{"line":24,"column":81}},"24":{"start":{"line":25,"column":0},"end":{"line":25,"column":71}},"25":{"start":{"line":26,"column":0},"end":{"line":26,"column":4}},"27":{"start":{"line":28,"column":0},"end":{"line":28,"column":67}},"28":{"start":{"line":29,"column":0},"end":{"line":29,"column":1}},"30":{"start":{"line":31,"column":0},"end":{"line":31,"column":42}},"31":{"start":{"line":32,"column":0},"end":{"line":32,"column":93}},"33":{"start":{"line":34,"column":0},"end":{"line":34,"column":10}},"34":{"start":{"line":35,"column":0},"end":{"line":35,"column":56}},"35":{"start":{"line":36,"column":0},"end":{"line":36,"column":51}},"36":{"start":{"line":37,"column":0},"end":{"line":37,"column":30}},"37":{"start":{"line":38,"column":0},"end":{"line":38,"column":74}},"39":{"start":{"line":40,"column":0},"end":{"line":40,"column":15}},"40":{"start":{"line":41,"column":0},"end":{"line":41,"column":60}},"42":{"start":{"line":43,"column":0},"end":{"line":43,"column":14}},"43":{"start":{"line":44,"column":0},"end":{"line":44,"column":14}},"46":{"start":{"line":47,"column":0},"end":{"line":47,"column":83}},"47":{"start":{"line":48,"column":0},"end":{"line":48,"column":61}},"48":{"start":{"line":49,"column":0},"end":{"line":49,"column":89}},"49":{"start":{"line":50,"column":0},"end":{"line":50,"column":93}},"50":{"start":{"line":51,"column":0},"end":{"line":51,"column":88}},"51":{"start":{"line":52,"column":0},"end":{"line":52,"column":16}},"53":{"start":{"line":54,"column":0},"end":{"line":54,"column":61}},"54":{"start":{"line":55,"column":0},"end":{"line":55,"column":89}},"55":{"start":{"line":56,"column":0},"end":{"line":56,"column":93}},"56":{"start":{"line":57,"column":0},"end":{"line":57,"column":102}},"57":{"start":{"line":58,"column":0},"end":{"line":58,"column":16}},"59":{"start":{"line":60,"column":0},"end":{"line":60,"column":61}},"60":{"start":{"line":61,"column":0},"end":{"line":61,"column":96}},"61":{"start":{"line":62,"column":0},"end":{"line":62,"column":100}},"62":{"start":{"line":63,"column":0},"end":{"line":63,"column":136}},"63":{"start":{"line":64,"column":0},"end":{"line":64,"column":16}},"64":{"start":{"line":65,"column":0},"end":{"line":65,"column":14}},"66":{"start":{"line":67,"column":0},"end":{"line":67,"column":63}},"68":{"start":{"line":69,"column":0},"end":{"line":69,"column":61}},"69":{"start":{"line":70,"column":0},"end":{"line":70,"column":68}},"70":{"start":{"line":71,"column":0},"end":{"line":71,"column":93}},"71":{"start":{"line":72,"column":0},"end":{"line":72,"column":20}},"72":{"start":{"line":73,"column":0},"end":{"line":73,"column":34}},"73":{"start":{"line":74,"column":0},"end":{"line":74,"column":94}},"74":{"start":{"line":75,"column":0},"end":{"line":75,"column":15}},"76":{"start":{"line":77,"column":0},"end":{"line":77,"column":21}},"77":{"start":{"line":78,"column":0},"end":{"line":78,"column":18}},"78":{"start":{"line":79,"column":0},"end":{"line":79,"column":39}},"79":{"start":{"line":80,"column":0},"end":{"line":80,"column":48}},"80":{"start":{"line":81,"column":0},"end":{"line":81,"column":107}},"81":{"start":{"line":82,"column":0},"end":{"line":82,"column":23}},"82":{"start":{"line":83,"column":0},"end":{"line":83,"column":86}},"83":{"start":{"line":84,"column":0},"end":{"line":84,"column":86}},"84":{"start":{"line":85,"column":0},"end":{"line":85,"column":24}},"85":{"start":{"line":86,"column":0},"end":{"line":86,"column":46}},"86":{"start":{"line":87,"column":0},"end":{"line":87,"column":93}},"87":{"start":{"line":88,"column":0},"end":{"line":88,"column":70}},"88":{"start":{"line":89,"column":0},"end":{"line":89,"column":70}},"89":{"start":{"line":90,"column":0},"end":{"line":90,"column":24}},"90":{"start":{"line":91,"column":0},"end":{"line":91,"column":24}},"91":{"start":{"line":92,"column":0},"end":{"line":92,"column":22}},"92":{"start":{"line":93,"column":0},"end":{"line":93,"column":17}},"93":{"start":{"line":94,"column":0},"end":{"line":94,"column":18}},"94":{"start":{"line":95,"column":0},"end":{"line":95,"column":16}},"97":{"start":{"line":98,"column":0},"end":{"line":98,"column":61}},"98":{"start":{"line":99,"column":0},"end":{"line":99,"column":68}},"99":{"start":{"line":100,"column":0},"end":{"line":100,"column":93}},"100":{"start":{"line":101,"column":0},"end":{"line":101,"column":20}},"101":{"start":{"line":102,"column":0},"end":{"line":102,"column":34}},"102":{"start":{"line":103,"column":0},"end":{"line":103,"column":94}},"103":{"start":{"line":104,"column":0},"end":{"line":104,"column":15}},"105":{"start":{"line":106,"column":0},"end":{"line":106,"column":21}},"106":{"start":{"line":107,"column":0},"end":{"line":107,"column":18}},"107":{"start":{"line":108,"column":0},"end":{"line":108,"column":39}},"108":{"start":{"line":109,"column":0},"end":{"line":109,"column":48}},"109":{"start":{"line":110,"column":0},"end":{"line":110,"column":107}},"110":{"start":{"line":111,"column":0},"end":{"line":111,"column":23}},"111":{"start":{"line":112,"column":0},"end":{"line":112,"column":87}},"112":{"start":{"line":113,"column":0},"end":{"line":113,"column":89}},"113":{"start":{"line":114,"column":0},"end":{"line":114,"column":24}},"114":{"start":{"line":115,"column":0},"end":{"line":115,"column":46}},"115":{"start":{"line":116,"column":0},"end":{"line":116,"column":112}},"116":{"start":{"line":117,"column":0},"end":{"line":117,"column":78}},"117":{"start":{"line":118,"column":0},"end":{"line":118,"column":24}},"118":{"start":{"line":119,"column":0},"end":{"line":119,"column":89}},"119":{"start":{"line":120,"column":0},"end":{"line":120,"column":24}},"120":{"start":{"line":121,"column":0},"end":{"line":121,"column":22}},"121":{"start":{"line":122,"column":0},"end":{"line":122,"column":17}},"122":{"start":{"line":123,"column":0},"end":{"line":123,"column":18}},"123":{"start":{"line":124,"column":0},"end":{"line":124,"column":16}},"126":{"start":{"line":127,"column":0},"end":{"line":127,"column":61}},"127":{"start":{"line":128,"column":0},"end":{"line":128,"column":68}},"128":{"start":{"line":129,"column":0},"end":{"line":129,"column":100}},"129":{"start":{"line":130,"column":0},"end":{"line":130,"column":20}},"130":{"start":{"line":131,"column":0},"end":{"line":131,"column":41}},"131":{"start":{"line":132,"column":0},"end":{"line":132,"column":94}},"132":{"start":{"line":133,"column":0},"end":{"line":133,"column":15}},"134":{"start":{"line":135,"column":0},"end":{"line":135,"column":21}},"135":{"start":{"line":136,"column":0},"end":{"line":136,"column":18}},"136":{"start":{"line":137,"column":0},"end":{"line":137,"column":39}},"137":{"start":{"line":138,"column":0},"end":{"line":138,"column":62}},"138":{"start":{"line":139,"column":0},"end":{"line":139,"column":114}},"139":{"start":{"line":140,"column":0},"end":{"line":140,"column":23}},"140":{"start":{"line":141,"column":0},"end":{"line":141,"column":114}},"141":{"start":{"line":142,"column":0},"end":{"line":142,"column":111}},"142":{"start":{"line":143,"column":0},"end":{"line":143,"column":24}},"143":{"start":{"line":144,"column":0},"end":{"line":144,"column":46}},"144":{"start":{"line":145,"column":0},"end":{"line":145,"column":71}},"145":{"start":{"line":146,"column":0},"end":{"line":146,"column":87}},"146":{"start":{"line":147,"column":0},"end":{"line":147,"column":90}},"147":{"start":{"line":148,"column":0},"end":{"line":148,"column":87}},"148":{"start":{"line":149,"column":0},"end":{"line":149,"column":49}},"149":{"start":{"line":150,"column":0},"end":{"line":150,"column":24}},"150":{"start":{"line":151,"column":0},"end":{"line":151,"column":42}},"151":{"start":{"line":152,"column":0},"end":{"line":152,"column":27}},"152":{"start":{"line":153,"column":0},"end":{"line":153,"column":75}},"153":{"start":{"line":154,"column":0},"end":{"line":154,"column":77}},"154":{"start":{"line":155,"column":0},"end":{"line":155,"column":24}},"155":{"start":{"line":156,"column":0},"end":{"line":156,"column":24}},"156":{"start":{"line":157,"column":0},"end":{"line":157,"column":22}},"157":{"start":{"line":158,"column":0},"end":{"line":158,"column":17}},"158":{"start":{"line":159,"column":0},"end":{"line":159,"column":18}},"159":{"start":{"line":160,"column":0},"end":{"line":160,"column":16}},"162":{"start":{"line":163,"column":0},"end":{"line":163,"column":61}},"163":{"start":{"line":164,"column":0},"end":{"line":164,"column":68}},"164":{"start":{"line":165,"column":0},"end":{"line":165,"column":96}},"165":{"start":{"line":166,"column":0},"end":{"line":166,"column":20}},"166":{"start":{"line":167,"column":0},"end":{"line":167,"column":35}},"167":{"start":{"line":168,"column":0},"end":{"line":168,"column":94}},"168":{"start":{"line":169,"column":0},"end":{"line":169,"column":15}},"170":{"start":{"line":171,"column":0},"end":{"line":171,"column":21}},"171":{"start":{"line":172,"column":0},"end":{"line":172,"column":18}},"172":{"start":{"line":173,"column":0},"end":{"line":173,"column":39}},"173":{"start":{"line":174,"column":0},"end":{"line":174,"column":56}},"174":{"start":{"line":175,"column":0},"end":{"line":175,"column":108}},"175":{"start":{"line":176,"column":0},"end":{"line":176,"column":23}},"176":{"start":{"line":177,"column":0},"end":{"line":177,"column":82}},"177":{"start":{"line":178,"column":0},"end":{"line":178,"column":58}},"178":{"start":{"line":179,"column":0},"end":{"line":179,"column":24}},"179":{"start":{"line":180,"column":0},"end":{"line":180,"column":70}},"180":{"start":{"line":181,"column":0},"end":{"line":181,"column":67}},"181":{"start":{"line":182,"column":0},"end":{"line":182,"column":24}},"182":{"start":{"line":183,"column":0},"end":{"line":183,"column":24}},"183":{"start":{"line":184,"column":0},"end":{"line":184,"column":46}},"184":{"start":{"line":185,"column":0},"end":{"line":185,"column":70}},"185":{"start":{"line":186,"column":0},"end":{"line":186,"column":66}},"186":{"start":{"line":187,"column":0},"end":{"line":187,"column":24}},"187":{"start":{"line":188,"column":0},"end":{"line":188,"column":24}},"188":{"start":{"line":189,"column":0},"end":{"line":189,"column":22}},"189":{"start":{"line":190,"column":0},"end":{"line":190,"column":17}},"190":{"start":{"line":191,"column":0},"end":{"line":191,"column":18}},"191":{"start":{"line":192,"column":0},"end":{"line":192,"column":16}},"192":{"start":{"line":193,"column":0},"end":{"line":193,"column":14}},"195":{"start":{"line":196,"column":0},"end":{"line":196,"column":64}},"196":{"start":{"line":197,"column":0},"end":{"line":197,"column":95}},"197":{"start":{"line":198,"column":0},"end":{"line":198,"column":65}},"198":{"start":{"line":199,"column":0},"end":{"line":199,"column":18}},"199":{"start":{"line":200,"column":0},"end":{"line":200,"column":32}},"200":{"start":{"line":201,"column":0},"end":{"line":201,"column":136}},"201":{"start":{"line":202,"column":0},"end":{"line":202,"column":13}},"203":{"start":{"line":204,"column":0},"end":{"line":204,"column":19}},"204":{"start":{"line":205,"column":0},"end":{"line":205,"column":18}},"205":{"start":{"line":206,"column":0},"end":{"line":206,"column":32}},"206":{"start":{"line":207,"column":0},"end":{"line":207,"column":142}},"207":{"start":{"line":208,"column":0},"end":{"line":208,"column":13}},"209":{"start":{"line":210,"column":0},"end":{"line":210,"column":19}},"210":{"start":{"line":211,"column":0},"end":{"line":211,"column":18}},"211":{"start":{"line":212,"column":0},"end":{"line":212,"column":39}},"212":{"start":{"line":213,"column":0},"end":{"line":213,"column":145}},"213":{"start":{"line":214,"column":0},"end":{"line":214,"column":13}},"215":{"start":{"line":216,"column":0},"end":{"line":216,"column":19}},"216":{"start":{"line":217,"column":0},"end":{"line":217,"column":18}},"217":{"start":{"line":218,"column":0},"end":{"line":218,"column":33}},"218":{"start":{"line":219,"column":0},"end":{"line":219,"column":132}},"219":{"start":{"line":220,"column":0},"end":{"line":220,"column":13}},"221":{"start":{"line":222,"column":0},"end":{"line":222,"column":19}},"222":{"start":{"line":223,"column":0},"end":{"line":223,"column":16}},"223":{"start":{"line":224,"column":0},"end":{"line":224,"column":14}},"224":{"start":{"line":225,"column":0},"end":{"line":225,"column":12}},"225":{"start":{"line":226,"column":0},"end":{"line":226,"column":10}},"227":{"start":{"line":228,"column":0},"end":{"line":228,"column":1}}},"s":{"0":0,"5":0,"6":0,"7":0,"8":0,"9":0,"10":0,"12":0,"13":0,"14":0,"15":0,"16":0,"18":0,"19":0,"20":0,"21":0,"22":0,"23":0,"24":0,"25":0,"27":0,"28":0,"30":0,"31":0,"33":0,"34":0,"35":0,"36":0,"37":0,"39":0,"40":0,"42":0,"43":0,"46":0,"47":0,"48":0,"49":0,"50":0,"51":0,"53":0,"54":0,"55":0,"56":0,"57":0,"59":0,"60":0,"61":0,"62":0,"63":0,"64":0,"66":0,"68":0,"69":0,"70":0,"71":0,"72":0,"73":0,"74":0,"76":0,"77":0,"78":0,"79":0,"80":0,"81":0,"82":0,"83":0,"84":0,"85":0,"86":0,"87":0,"88":0,"89":0,"90":0,"91":0,"92":0,"93":0,"94":0,"97":0,"98":0,"99":0,"100":0,"101":0,"102":0,"103":0,"105":0,"106":0,"107":0,"108":0,"109":0,"110":0,"111":0,"112":0,"113":0,"114":0,"115":0,"116":0,"117":0,"118":0,"119":0,"120":0,"121":0,"122":0,"123":0,"126":0,"127":0,"128":0,"129":0,"130":0,"131":0,"132":0,"134":0,"135":0,"136":0,"137":0,"138":0,"139":0,"140":0,"141":0,"142":0,"143":0,"144":0,"145":0,"146":0,"147":0,"148":0,"149":0,"150":0,"151":0,"152":0,"153":0,"154":0,"155":0,"156":0,"157":0,"158":0,"159":0,"162":0,"163":0,"164":0,"165":0,"166":0,"167":0,"168":0,"170":0,"171":0,"172":0,"173":0,"174":0,"175":0,"176":0,"177":0,"178":0,"179":0,"180":0,"181":0,"182":0,"183":0,"184":0,"185":0,"186":0,"187":0,"188":0,"189":0,"190":0,"191":0,"192":0,"195":0,"196":0,"197":0,"198":0,"199":0,"200":0,"201":0,"203":0,"204":0,"205":0,"206":0,"207":0,"209":0,"210":0,"211":0,"212":0,"213":0,"215":0,"216":0,"217":0,"218":0,"219":0,"221":0,"222":0,"223":0,"224":0,"225":0,"227":0},"branchMap":{"0":{"type":"branch","line":1,"loc":{"start":{"line":1,"column":0},"end":{"line":228,"column":-6193}},"locations":[{"start":{"line":1,"column":0},"end":{"line":228,"column":-6193}}]}},"b":{"0":[0]},"fnMap":{"0":{"name":"(empty-report)","decl":{"start":{"line":1,"column":0},"end":{"line":228,"column":-6193}},"loc":{"start":{"line":1,"column":0},"end":{"line":228,"column":-6193}},"line":1}},"f":{"0":0}}
,"/home/aaron/Projects/toolshed/app/routes/admin.items.tsx": {"path":"/home/aaron/Projects/toolshed/app/routes/admin.items.tsx","all":true,"statementMap":{"0":{"start":{"line":1,"column":0},"end":{"line":1,"column":72}},"5":{"start":{"line":6,"column":0},"end":{"line":6,"column":41}},"6":{"start":{"line":7,"column":0},"end":{"line":7,"column":10}},"7":{"start":{"line":8,"column":0},"end":{"line":8,"column":52}},"8":{"start":{"line":9,"column":0},"end":{"line":9,"column":72}},"9":{"start":{"line":10,"column":0},"end":{"line":10,"column":4}},"10":{"start":{"line":11,"column":0},"end":{"line":11,"column":2}},"12":{"start":{"line":13,"column":0},"end":{"line":13,"column":63}},"13":{"start":{"line":14,"column":0},"end":{"line":14,"column":39}},"14":{"start":{"line":15,"column":0},"end":{"line":15,"column":39}},"17":{"start":{"line":18,"column":0},"end":{"line":18,"column":67}},"19":{"start":{"line":20,"column":0},"end":{"line":20,"column":63}},"20":{"start":{"line":21,"column":0},"end":{"line":21,"column":1}},"22":{"start":{"line":23,"column":0},"end":{"line":23,"column":38}},"23":{"start":{"line":24,"column":0},"end":{"line":24,"column":60}},"25":{"start":{"line":26,"column":0},"end":{"line":26,"column":10}},"26":{"start":{"line":27,"column":0},"end":{"line":27,"column":56}},"27":{"start":{"line":28,"column":0},"end":{"line":28,"column":51}},"28":{"start":{"line":29,"column":0},"end":{"line":29,"column":30}},"29":{"start":{"line":30,"column":0},"end":{"line":30,"column":56}},"30":{"start":{"line":31,"column":0},"end":{"line":31,"column":18}},"31":{"start":{"line":32,"column":0},"end":{"line":32,"column":26}},"32":{"start":{"line":33,"column":0},"end":{"line":33,"column":84}},"33":{"start":{"line":34,"column":0},"end":{"line":34,"column":13}},"35":{"start":{"line":36,"column":0},"end":{"line":36,"column":19}},"36":{"start":{"line":37,"column":0},"end":{"line":37,"column":16}},"37":{"start":{"line":38,"column":0},"end":{"line":38,"column":74}},"39":{"start":{"line":40,"column":0},"end":{"line":40,"column":15}},"40":{"start":{"line":41,"column":0},"end":{"line":41,"column":60}},"42":{"start":{"line":43,"column":0},"end":{"line":43,"column":14}},"43":{"start":{"line":44,"column":0},"end":{"line":44,"column":14}},"45":{"start":{"line":46,"column":0},"end":{"line":46,"column":71}},"46":{"start":{"line":47,"column":0},"end":{"line":47,"column":56}},"47":{"start":{"line":48,"column":0},"end":{"line":48,"column":63}},"48":{"start":{"line":49,"column":0},"end":{"line":49,"column":76}},"49":{"start":{"line":50,"column":0},"end":{"line":50,"column":42}},"50":{"start":{"line":51,"column":0},"end":{"line":51,"column":19}},"51":{"start":{"line":52,"column":0},"end":{"line":52,"column":42}},"52":{"start":{"line":53,"column":0},"end":{"line":53,"column":23}},"53":{"start":{"line":54,"column":0},"end":{"line":54,"column":32}},"54":{"start":{"line":55,"column":0},"end":{"line":55,"column":48}},"55":{"start":{"line":56,"column":0},"end":{"line":56,"column":142}},"56":{"start":{"line":57,"column":0},"end":{"line":57,"column":18}},"57":{"start":{"line":58,"column":0},"end":{"line":58,"column":124}},"58":{"start":{"line":59,"column":0},"end":{"line":59,"column":58}},"59":{"start":{"line":60,"column":0},"end":{"line":60,"column":66}},"60":{"start":{"line":61,"column":0},"end":{"line":61,"column":64}},"61":{"start":{"line":62,"column":0},"end":{"line":62,"column":56}},"62":{"start":{"line":63,"column":0},"end":{"line":63,"column":64}},"63":{"start":{"line":64,"column":0},"end":{"line":64,"column":52}},"64":{"start":{"line":65,"column":0},"end":{"line":65,"column":62}},"65":{"start":{"line":66,"column":0},"end":{"line":66,"column":25}},"66":{"start":{"line":67,"column":0},"end":{"line":67,"column":20}},"67":{"start":{"line":68,"column":0},"end":{"line":68,"column":18}},"68":{"start":{"line":69,"column":0},"end":{"line":69,"column":16}},"70":{"start":{"line":71,"column":0},"end":{"line":71,"column":43}},"71":{"start":{"line":72,"column":0},"end":{"line":72,"column":67}},"72":{"start":{"line":73,"column":0},"end":{"line":73,"column":44}},"73":{"start":{"line":74,"column":0},"end":{"line":74,"column":20}},"74":{"start":{"line":75,"column":0},"end":{"line":75,"column":113}},"76":{"start":{"line":77,"column":0},"end":{"line":77,"column":23}},"77":{"start":{"line":78,"column":0},"end":{"line":78,"column":113}},"79":{"start":{"line":80,"column":0},"end":{"line":80,"column":23}},"80":{"start":{"line":81,"column":0},"end":{"line":81,"column":113}},"82":{"start":{"line":83,"column":0},"end":{"line":83,"column":23}},"83":{"start":{"line":84,"column":0},"end":{"line":84,"column":113}},"85":{"start":{"line":86,"column":0},"end":{"line":86,"column":23}},"86":{"start":{"line":87,"column":0},"end":{"line":87,"column":113}},"88":{"start":{"line":89,"column":0},"end":{"line":89,"column":23}},"89":{"start":{"line":90,"column":0},"end":{"line":90,"column":113}},"91":{"start":{"line":92,"column":0},"end":{"line":92,"column":23}},"92":{"start":{"line":93,"column":0},"end":{"line":93,"column":21}},"93":{"start":{"line":94,"column":0},"end":{"line":94,"column":22}},"94":{"start":{"line":95,"column":0},"end":{"line":95,"column":67}},"95":{"start":{"line":96,"column":0},"end":{"line":96,"column":38}},"96":{"start":{"line":97,"column":0},"end":{"line":97,"column":65}},"97":{"start":{"line":98,"column":0},"end":{"line":98,"column":64}},"98":{"start":{"line":99,"column":0},"end":{"line":99,"column":27}},"99":{"start":{"line":100,"column":0},"end":{"line":100,"column":93}},"100":{"start":{"line":101,"column":0},"end":{"line":101,"column":81}},"101":{"start":{"line":102,"column":0},"end":{"line":102,"column":64}},"102":{"start":{"line":103,"column":0},"end":{"line":103,"column":30}},"103":{"start":{"line":104,"column":0},"end":{"line":104,"column":28}},"104":{"start":{"line":105,"column":0},"end":{"line":105,"column":25}},"105":{"start":{"line":106,"column":0},"end":{"line":106,"column":64}},"106":{"start":{"line":107,"column":0},"end":{"line":107,"column":61}},"107":{"start":{"line":108,"column":0},"end":{"line":108,"column":66}},"108":{"start":{"line":109,"column":0},"end":{"line":109,"column":28}},"109":{"start":{"line":110,"column":0},"end":{"line":110,"column":61}},"110":{"start":{"line":111,"column":0},"end":{"line":111,"column":53}},"111":{"start":{"line":112,"column":0},"end":{"line":112,"column":28}},"112":{"start":{"line":113,"column":0},"end":{"line":113,"column":25}},"113":{"start":{"line":114,"column":0},"end":{"line":114,"column":64}},"114":{"start":{"line":115,"column":0},"end":{"line":115,"column":144}},"115":{"start":{"line":116,"column":0},"end":{"line":116,"column":57}},"116":{"start":{"line":117,"column":0},"end":{"line":117,"column":29}},"117":{"start":{"line":118,"column":0},"end":{"line":118,"column":25}},"118":{"start":{"line":119,"column":0},"end":{"line":119,"column":64}},"119":{"start":{"line":120,"column":0},"end":{"line":120,"column":109}},"120":{"start":{"line":121,"column":0},"end":{"line":121,"column":52}},"121":{"start":{"line":122,"column":0},"end":{"line":122,"column":58}},"122":{"start":{"line":123,"column":0},"end":{"line":123,"column":53}},"123":{"start":{"line":124,"column":0},"end":{"line":124,"column":26}},"124":{"start":{"line":125,"column":0},"end":{"line":125,"column":107}},"125":{"start":{"line":126,"column":0},"end":{"line":126,"column":29}},"126":{"start":{"line":127,"column":0},"end":{"line":127,"column":25}},"127":{"start":{"line":128,"column":0},"end":{"line":128,"column":86}},"128":{"start":{"line":129,"column":0},"end":{"line":129,"column":37}},"129":{"start":{"line":130,"column":0},"end":{"line":130,"column":25}},"130":{"start":{"line":131,"column":0},"end":{"line":131,"column":84}},"131":{"start":{"line":132,"column":0},"end":{"line":132,"column":28}},"132":{"start":{"line":133,"column":0},"end":{"line":133,"column":54}},"133":{"start":{"line":134,"column":0},"end":{"line":134,"column":99}},"134":{"start":{"line":135,"column":0},"end":{"line":135,"column":23}},"136":{"start":{"line":137,"column":0},"end":{"line":137,"column":29}},"137":{"start":{"line":138,"column":0},"end":{"line":138,"column":97}},"139":{"start":{"line":140,"column":0},"end":{"line":140,"column":31}},"140":{"start":{"line":141,"column":0},"end":{"line":141,"column":25}},"141":{"start":{"line":142,"column":0},"end":{"line":142,"column":23}},"142":{"start":{"line":143,"column":0},"end":{"line":143,"column":19}},"143":{"start":{"line":144,"column":0},"end":{"line":144,"column":22}},"144":{"start":{"line":145,"column":0},"end":{"line":145,"column":20}},"145":{"start":{"line":146,"column":0},"end":{"line":146,"column":16}},"146":{"start":{"line":147,"column":0},"end":{"line":147,"column":14}},"149":{"start":{"line":150,"column":0},"end":{"line":150,"column":64}},"150":{"start":{"line":151,"column":0},"end":{"line":151,"column":94}},"151":{"start":{"line":152,"column":0},"end":{"line":152,"column":48}},"152":{"start":{"line":153,"column":0},"end":{"line":153,"column":94}},"153":{"start":{"line":154,"column":0},"end":{"line":154,"column":20}},"154":{"start":{"line":155,"column":0},"end":{"line":155,"column":25}},"155":{"start":{"line":156,"column":0},"end":{"line":156,"column":106}},"157":{"start":{"line":158,"column":0},"end":{"line":158,"column":21}},"158":{"start":{"line":159,"column":0},"end":{"line":159,"column":21}},"159":{"start":{"line":160,"column":0},"end":{"line":160,"column":15}},"160":{"start":{"line":161,"column":0},"end":{"line":161,"column":16}},"161":{"start":{"line":162,"column":0},"end":{"line":162,"column":14}},"162":{"start":{"line":163,"column":0},"end":{"line":163,"column":12}},"163":{"start":{"line":164,"column":0},"end":{"line":164,"column":10}},"165":{"start":{"line":166,"column":0},"end":{"line":166,"column":1}}},"s":{"0":0,"5":0,"6":0,"7":0,"8":0,"9":0,"10":0,"12":0,"13":0,"14":0,"17":0,"19":0,"20":0,"22":0,"23":0,"25":0,"26":0,"27":0,"28":0,"29":0,"30":0,"31":0,"32":0,"33":0,"35":0,"36":0,"37":0,"39":0,"40":0,"42":0,"43":0,"45":0,"46":0,"47":0,"48":0,"49":0,"50":0,"51":0,"52":0,"53":0,"54":0,"55":0,"56":0,"57":0,"58":0,"59":0,"60":0,"61":0,"62":0,"63":0,"64":0,"65":0,"66":0,"67":0,"68":0,"70":0,"71":0,"72":0,"73":0,"74":0,"76":0,"77":0,"79":0,"80":0,"82":0,"83":0,"85":0,"86":0,"88":0,"89":0,"91":0,"92":0,"93":0,"94":0,"95":0,"96":0,"97":0,"98":0,"99":0,"100":0,"101":0,"102":0,"103":0,"104":0,"105":0,"106":0,"107":0,"108":0,"109":0,"110":0,"111":0,"112":0,"113":0,"114":0,"115":0,"116":0,"117":0,"118":0,"119":0,"120":0,"121":0,"122":0,"123":0,"124":0,"125":0,"126":0,"127":0,"128":0,"129":0,"130":0,"131":0,"132":0,"133":0,"134":0,"136":0,"137":0,"139":0,"140":0,"141":0,"142":0,"143":0,"144":0,"145":0,"146":0,"149":0,"150":0,"151":0,"152":0,"153":0,"154":0,"155":0,"157":0,"158":0,"159":0,"160":0,"161":0,"162":0,"163":0,"165":0},"branchMap":{"0":{"type":"branch","line":1,"loc":{"start":{"line":1,"column":0},"end":{"line":166,"column":-5645}},"locations":[{"start":{"line":1,"column":0},"end":{"line":166,"column":-5645}}]}},"b":{"0":[0]},"fnMap":{"0":{"name":"(empty-report)","decl":{"start":{"line":1,"column":0},"end":{"line":166,"column":-5645}},"loc":{"start":{"line":1,"column":0},"end":{"line":166,"column":-5645}},"line":1}},"f":{"0":0}}
,"/home/aaron/Projects/toolshed/app/routes/admin.reservations.tsx": {"path":"/home/aaron/Projects/toolshed/app/routes/admin.reservations.tsx","all":true,"statementMap":{"0":{"start":{"line":1,"column":0},"end":{"line":1,"column":72}},"5":{"start":{"line":6,"column":0},"end":{"line":6,"column":41}},"6":{"start":{"line":7,"column":0},"end":{"line":7,"column":10}},"7":{"start":{"line":8,"column":0},"end":{"line":8,"column":59}},"8":{"start":{"line":9,"column":0},"end":{"line":9,"column":82}},"9":{"start":{"line":10,"column":0},"end":{"line":10,"column":4}},"10":{"start":{"line":11,"column":0},"end":{"line":11,"column":2}},"12":{"start":{"line":13,"column":0},"end":{"line":13,"column":63}},"13":{"start":{"line":14,"column":0},"end":{"line":14,"column":53}},"14":{"start":{"line":15,"column":0},"end":{"line":15,"column":39}},"15":{"start":{"line":16,"column":0},"end":{"line":16,"column":39}},"18":{"start":{"line":19,"column":0},"end":{"line":19,"column":67}},"19":{"start":{"line":20,"column":0},"end":{"line":20,"column":68}},"21":{"start":{"line":22,"column":0},"end":{"line":22,"column":16}},"22":{"start":{"line":23,"column":0},"end":{"line":23,"column":18}},"23":{"start":{"line":24,"column":0},"end":{"line":24,"column":41}},"24":{"start":{"line":25,"column":0},"end":{"line":25,"column":40}},"25":{"start":{"line":26,"column":0},"end":{"line":26,"column":5}},"26":{"start":{"line":27,"column":0},"end":{"line":27,"column":1}},"28":{"start":{"line":29,"column":0},"end":{"line":29,"column":45}},"29":{"start":{"line":30,"column":0},"end":{"line":30,"column":76}},"31":{"start":{"line":32,"column":0},"end":{"line":32,"column":46}},"32":{"start":{"line":33,"column":0},"end":{"line":33,"column":21}},"33":{"start":{"line":34,"column":0},"end":{"line":34,"column":58}},"34":{"start":{"line":35,"column":0},"end":{"line":35,"column":61}},"35":{"start":{"line":36,"column":0},"end":{"line":36,"column":58}},"36":{"start":{"line":37,"column":0},"end":{"line":37,"column":58}},"37":{"start":{"line":38,"column":0},"end":{"line":38,"column":57}},"38":{"start":{"line":39,"column":0},"end":{"line":39,"column":56}},"39":{"start":{"line":40,"column":0},"end":{"line":40,"column":50}},"40":{"start":{"line":41,"column":0},"end":{"line":41,"column":5}},"41":{"start":{"line":42,"column":0},"end":{"line":42,"column":4}},"43":{"start":{"line":44,"column":0},"end":{"line":44,"column":10}},"44":{"start":{"line":45,"column":0},"end":{"line":45,"column":56}},"45":{"start":{"line":46,"column":0},"end":{"line":46,"column":51}},"46":{"start":{"line":47,"column":0},"end":{"line":47,"column":30}},"47":{"start":{"line":48,"column":0},"end":{"line":48,"column":56}},"48":{"start":{"line":49,"column":0},"end":{"line":49,"column":18}},"49":{"start":{"line":50,"column":0},"end":{"line":50,"column":26}},"50":{"start":{"line":51,"column":0},"end":{"line":51,"column":84}},"51":{"start":{"line":52,"column":0},"end":{"line":52,"column":13}},"53":{"start":{"line":54,"column":0},"end":{"line":54,"column":19}},"54":{"start":{"line":55,"column":0},"end":{"line":55,"column":16}},"55":{"start":{"line":56,"column":0},"end":{"line":56,"column":74}},"57":{"start":{"line":58,"column":0},"end":{"line":58,"column":15}},"58":{"start":{"line":59,"column":0},"end":{"line":59,"column":60}},"60":{"start":{"line":61,"column":0},"end":{"line":61,"column":14}},"61":{"start":{"line":62,"column":0},"end":{"line":62,"column":14}},"64":{"start":{"line":65,"column":0},"end":{"line":65,"column":68}},"65":{"start":{"line":66,"column":0},"end":{"line":66,"column":87}},"66":{"start":{"line":67,"column":0},"end":{"line":67,"column":79}},"67":{"start":{"line":68,"column":0},"end":{"line":68,"column":20}},"68":{"start":{"line":69,"column":0},"end":{"line":69,"column":90}},"69":{"start":{"line":70,"column":0},"end":{"line":70,"column":86}},"70":{"start":{"line":71,"column":0},"end":{"line":71,"column":89}},"71":{"start":{"line":72,"column":0},"end":{"line":72,"column":20}},"73":{"start":{"line":74,"column":0},"end":{"line":74,"column":13}},"74":{"start":{"line":75,"column":0},"end":{"line":75,"column":14}},"76":{"start":{"line":77,"column":0},"end":{"line":77,"column":71}},"77":{"start":{"line":78,"column":0},"end":{"line":78,"column":56}},"78":{"start":{"line":79,"column":0},"end":{"line":79,"column":63}},"79":{"start":{"line":80,"column":0},"end":{"line":80,"column":76}},"80":{"start":{"line":81,"column":0},"end":{"line":81,"column":56}},"81":{"start":{"line":82,"column":0},"end":{"line":82,"column":19}},"82":{"start":{"line":83,"column":0},"end":{"line":83,"column":42}},"83":{"start":{"line":84,"column":0},"end":{"line":84,"column":124}},"84":{"start":{"line":85,"column":0},"end":{"line":85,"column":56}},"85":{"start":{"line":86,"column":0},"end":{"line":86,"column":58}},"86":{"start":{"line":87,"column":0},"end":{"line":87,"column":60}},"87":{"start":{"line":88,"column":0},"end":{"line":88,"column":56}},"88":{"start":{"line":89,"column":0},"end":{"line":89,"column":60}},"89":{"start":{"line":90,"column":0},"end":{"line":90,"column":62}},"90":{"start":{"line":91,"column":0},"end":{"line":91,"column":60}},"91":{"start":{"line":92,"column":0},"end":{"line":92,"column":25}},"92":{"start":{"line":93,"column":0},"end":{"line":93,"column":23}},"93":{"start":{"line":94,"column":0},"end":{"line":94,"column":32}},"94":{"start":{"line":95,"column":0},"end":{"line":95,"column":55}},"95":{"start":{"line":96,"column":0},"end":{"line":96,"column":142}},"96":{"start":{"line":97,"column":0},"end":{"line":97,"column":18}},"97":{"start":{"line":98,"column":0},"end":{"line":98,"column":20}},"98":{"start":{"line":99,"column":0},"end":{"line":99,"column":18}},"99":{"start":{"line":100,"column":0},"end":{"line":100,"column":16}},"101":{"start":{"line":102,"column":0},"end":{"line":102,"column":43}},"102":{"start":{"line":103,"column":0},"end":{"line":103,"column":67}},"103":{"start":{"line":104,"column":0},"end":{"line":104,"column":44}},"104":{"start":{"line":105,"column":0},"end":{"line":105,"column":20}},"105":{"start":{"line":106,"column":0},"end":{"line":106,"column":113}},"107":{"start":{"line":108,"column":0},"end":{"line":108,"column":23}},"108":{"start":{"line":109,"column":0},"end":{"line":109,"column":113}},"110":{"start":{"line":111,"column":0},"end":{"line":111,"column":23}},"111":{"start":{"line":112,"column":0},"end":{"line":112,"column":113}},"113":{"start":{"line":114,"column":0},"end":{"line":114,"column":23}},"114":{"start":{"line":115,"column":0},"end":{"line":115,"column":113}},"116":{"start":{"line":117,"column":0},"end":{"line":117,"column":23}},"117":{"start":{"line":118,"column":0},"end":{"line":118,"column":113}},"119":{"start":{"line":120,"column":0},"end":{"line":120,"column":23}},"120":{"start":{"line":121,"column":0},"end":{"line":121,"column":113}},"122":{"start":{"line":123,"column":0},"end":{"line":123,"column":23}},"123":{"start":{"line":124,"column":0},"end":{"line":124,"column":113}},"125":{"start":{"line":126,"column":0},"end":{"line":126,"column":23}},"126":{"start":{"line":127,"column":0},"end":{"line":127,"column":21}},"127":{"start":{"line":128,"column":0},"end":{"line":128,"column":22}},"128":{"start":{"line":129,"column":0},"end":{"line":129,"column":67}},"129":{"start":{"line":130,"column":0},"end":{"line":130,"column":52}},"130":{"start":{"line":131,"column":0},"end":{"line":131,"column":72}},"131":{"start":{"line":132,"column":0},"end":{"line":132,"column":64}},"132":{"start":{"line":133,"column":0},"end":{"line":133,"column":73}},"133":{"start":{"line":134,"column":0},"end":{"line":134,"column":51}},"134":{"start":{"line":135,"column":0},"end":{"line":135,"column":28}},"135":{"start":{"line":136,"column":0},"end":{"line":136,"column":61}},"136":{"start":{"line":137,"column":0},"end":{"line":137,"column":61}},"137":{"start":{"line":138,"column":0},"end":{"line":138,"column":28}},"138":{"start":{"line":139,"column":0},"end":{"line":139,"column":25}},"139":{"start":{"line":140,"column":0},"end":{"line":140,"column":64}},"140":{"start":{"line":141,"column":0},"end":{"line":141,"column":61}},"141":{"start":{"line":142,"column":0},"end":{"line":142,"column":72}},"142":{"start":{"line":143,"column":0},"end":{"line":143,"column":28}},"143":{"start":{"line":144,"column":0},"end":{"line":144,"column":61}},"144":{"start":{"line":145,"column":0},"end":{"line":145,"column":55}},"145":{"start":{"line":146,"column":0},"end":{"line":146,"column":28}},"146":{"start":{"line":147,"column":0},"end":{"line":147,"column":25}},"147":{"start":{"line":148,"column":0},"end":{"line":148,"column":64}},"148":{"start":{"line":149,"column":0},"end":{"line":149,"column":61}},"149":{"start":{"line":150,"column":0},"end":{"line":150,"column":77}},"150":{"start":{"line":151,"column":0},"end":{"line":151,"column":28}},"151":{"start":{"line":152,"column":0},"end":{"line":152,"column":61}},"152":{"start":{"line":153,"column":0},"end":{"line":153,"column":60}},"153":{"start":{"line":154,"column":0},"end":{"line":154,"column":28}},"154":{"start":{"line":155,"column":0},"end":{"line":155,"column":25}},"155":{"start":{"line":156,"column":0},"end":{"line":156,"column":64}},"156":{"start":{"line":157,"column":0},"end":{"line":157,"column":61}},"157":{"start":{"line":158,"column":0},"end":{"line":158,"column":73}},"158":{"start":{"line":159,"column":0},"end":{"line":159,"column":28}},"159":{"start":{"line":160,"column":0},"end":{"line":160,"column":61}},"160":{"start":{"line":161,"column":0},"end":{"line":161,"column":56}},"161":{"start":{"line":162,"column":0},"end":{"line":162,"column":28}},"162":{"start":{"line":163,"column":0},"end":{"line":163,"column":25}},"163":{"start":{"line":164,"column":0},"end":{"line":164,"column":64}},"164":{"start":{"line":165,"column":0},"end":{"line":165,"column":147}},"165":{"start":{"line":166,"column":0},"end":{"line":166,"column":44}},"166":{"start":{"line":167,"column":0},"end":{"line":167,"column":29}},"167":{"start":{"line":168,"column":0},"end":{"line":168,"column":25}},"168":{"start":{"line":169,"column":0},"end":{"line":169,"column":86}},"169":{"start":{"line":170,"column":0},"end":{"line":170,"column":27}},"170":{"start":{"line":171,"column":0},"end":{"line":171,"column":48}},"171":{"start":{"line":172,"column":0},"end":{"line":172,"column":81}},"172":{"start":{"line":173,"column":0},"end":{"line":173,"column":33}},"174":{"start":{"line":175,"column":0},"end":{"line":175,"column":28}},"175":{"start":{"line":176,"column":0},"end":{"line":176,"column":27}},"176":{"start":{"line":177,"column":0},"end":{"line":177,"column":49}},"177":{"start":{"line":178,"column":0},"end":{"line":178,"column":79}},"178":{"start":{"line":179,"column":0},"end":{"line":179,"column":33}},"180":{"start":{"line":181,"column":0},"end":{"line":181,"column":28}},"181":{"start":{"line":182,"column":0},"end":{"line":182,"column":25}},"182":{"start":{"line":183,"column":0},"end":{"line":183,"column":84}},"183":{"start":{"line":184,"column":0},"end":{"line":184,"column":28}},"184":{"start":{"line":185,"column":0},"end":{"line":185,"column":68}},"185":{"start":{"line":186,"column":0},"end":{"line":186,"column":99}},"186":{"start":{"line":187,"column":0},"end":{"line":187,"column":23}},"188":{"start":{"line":189,"column":0},"end":{"line":189,"column":29}},"189":{"start":{"line":190,"column":0},"end":{"line":190,"column":60}},"190":{"start":{"line":191,"column":0},"end":{"line":191,"column":109}},"192":{"start":{"line":193,"column":0},"end":{"line":193,"column":33}},"194":{"start":{"line":195,"column":0},"end":{"line":195,"column":25}},"195":{"start":{"line":196,"column":0},"end":{"line":196,"column":23}},"196":{"start":{"line":197,"column":0},"end":{"line":197,"column":19}},"197":{"start":{"line":198,"column":0},"end":{"line":198,"column":22}},"198":{"start":{"line":199,"column":0},"end":{"line":199,"column":20}},"199":{"start":{"line":200,"column":0},"end":{"line":200,"column":16}},"200":{"start":{"line":201,"column":0},"end":{"line":201,"column":14}},"201":{"start":{"line":202,"column":0},"end":{"line":202,"column":12}},"202":{"start":{"line":203,"column":0},"end":{"line":203,"column":10}},"204":{"start":{"line":205,"column":0},"end":{"line":205,"column":1}}},"s":{"0":0,"5":0,"6":0,"7":0,"8":0,"9":0,"10":0,"12":0,"13":0,"14":0,"15":0,"18":0,"19":0,"21":0,"22":0,"23":0,"24":0,"25":0,"26":0,"28":0,"29":0,"31":0,"32":0,"33":0,"34":0,"35":0,"36":0,"37":0,"38":0,"39":0,"40":0,"41":0,"43":0,"44":0,"45":0,"46":0,"47":0,"48":0,"49":0,"50":0,"51":0,"53":0,"54":0,"55":0,"57":0,"58":0,"60":0,"61":0,"64":0,"65":0,"66":0,"67":0,"68":0,"69":0,"70":0,"71":0,"73":0,"74":0,"76":0,"77":0,"78":0,"79":0,"80":0,"81":0,"82":0,"83":0,"84":0,"85":0,"86":0,"87":0,"88":0,"89":0,"90":0,"91":0,"92":0,"93":0,"94":0,"95":0,"96":0,"97":0,"98":0,"99":0,"101":0,"102":0,"103":0,"104":0,"105":0,"107":0,"108":0,"110":0,"111":0,"113":0,"114":0,"116":0,"117":0,"119":0,"120":0,"122":0,"123":0,"125":0,"126":0,"127":0,"128":0,"129":0,"130":0,"131":0,"132":0,"133":0,"134":0,"135":0,"136":0,"137":0,"138":0,"139":0,"140":0,"141":0,"142":0,"143":0,"144":0,"145":0,"146":0,"147":0,"148":0,"149":0,"150":0,"151":0,"152":0,"153":0,"154":0,"155":0,"156":0,"157":0,"158":0,"159":0,"160":0,"161":0,"162":0,"163":0,"164":0,"165":0,"166":0,"167":0,"168":0,"169":0,"170":0,"171":0,"172":0,"174":0,"175":0,"176":0,"177":0,"178":0,"180":0,"181":0,"182":0,"183":0,"184":0,"185":0,"186":0,"188":0,"189":0,"190":0,"192":0,"194":0,"195":0,"196":0,"197":0,"198":0,"199":0,"200":0,"201":0,"202":0,"204":0},"branchMap":{"0":{"type":"branch","line":1,"loc":{"start":{"line":1,"column":0},"end":{"line":205,"column":-5249}},"locations":[{"start":{"line":1,"column":0},"end":{"line":205,"column":-5249}}]}},"b":{"0":[0]},"fnMap":{"0":{"name":"(empty-report)","decl":{"start":{"line":1,"column":0},"end":{"line":205,"column":-5249}},"loc":{"start":{"line":1,"column":0},"end":{"line":205,"column":-5249}},"line":1}},"f":{"0":0}}
,"/home/aaron/Projects/toolshed/app/routes/admin.users.tsx": {"path":"/home/aaron/Projects/toolshed/app/routes/admin.users.tsx","all":true,"statementMap":{"0":{"start":{"line":1,"column":0},"end":{"line":1,"column":72}},"5":{"start":{"line":6,"column":0},"end":{"line":6,"column":41}},"6":{"start":{"line":7,"column":0},"end":{"line":7,"column":10}},"7":{"start":{"line":8,"column":0},"end":{"line":8,"column":52}},"8":{"start":{"line":9,"column":0},"end":{"line":9,"column":62}},"9":{"start":{"line":10,"column":0},"end":{"line":10,"column":4}},"10":{"start":{"line":11,"column":0},"end":{"line":11,"column":2}},"12":{"start":{"line":13,"column":0},"end":{"line":13,"column":63}},"13":{"start":{"line":14,"column":0},"end":{"line":14,"column":72}},"14":{"start":{"line":15,"column":0},"end":{"line":15,"column":25}},"15":{"start":{"line":16,"column":0},"end":{"line":16,"column":1}},"17":{"start":{"line":18,"column":0},"end":{"line":18,"column":38}},"18":{"start":{"line":19,"column":0},"end":{"line":19,"column":51}},"20":{"start":{"line":21,"column":0},"end":{"line":21,"column":10}},"21":{"start":{"line":22,"column":0},"end":{"line":22,"column":56}},"22":{"start":{"line":23,"column":0},"end":{"line":23,"column":51}},"23":{"start":{"line":24,"column":0},"end":{"line":24,"column":30}},"24":{"start":{"line":25,"column":0},"end":{"line":25,"column":56}},"25":{"start":{"line":26,"column":0},"end":{"line":26,"column":18}},"26":{"start":{"line":27,"column":0},"end":{"line":27,"column":26}},"27":{"start":{"line":28,"column":0},"end":{"line":28,"column":84}},"28":{"start":{"line":29,"column":0},"end":{"line":29,"column":13}},"30":{"start":{"line":31,"column":0},"end":{"line":31,"column":19}},"31":{"start":{"line":32,"column":0},"end":{"line":32,"column":16}},"32":{"start":{"line":33,"column":0},"end":{"line":33,"column":74}},"34":{"start":{"line":35,"column":0},"end":{"line":35,"column":15}},"35":{"start":{"line":36,"column":0},"end":{"line":36,"column":60}},"37":{"start":{"line":38,"column":0},"end":{"line":38,"column":14}},"38":{"start":{"line":39,"column":0},"end":{"line":39,"column":14}},"40":{"start":{"line":41,"column":0},"end":{"line":41,"column":71}},"41":{"start":{"line":42,"column":0},"end":{"line":42,"column":56}},"42":{"start":{"line":43,"column":0},"end":{"line":43,"column":63}},"43":{"start":{"line":44,"column":0},"end":{"line":44,"column":76}},"44":{"start":{"line":45,"column":0},"end":{"line":45,"column":42}},"45":{"start":{"line":46,"column":0},"end":{"line":46,"column":19}},"46":{"start":{"line":47,"column":0},"end":{"line":47,"column":42}},"47":{"start":{"line":48,"column":0},"end":{"line":48,"column":23}},"48":{"start":{"line":49,"column":0},"end":{"line":49,"column":32}},"49":{"start":{"line":50,"column":0},"end":{"line":50,"column":48}},"50":{"start":{"line":51,"column":0},"end":{"line":51,"column":142}},"51":{"start":{"line":52,"column":0},"end":{"line":52,"column":18}},"52":{"start":{"line":53,"column":0},"end":{"line":53,"column":124}},"53":{"start":{"line":54,"column":0},"end":{"line":54,"column":61}},"54":{"start":{"line":55,"column":0},"end":{"line":55,"column":60}},"55":{"start":{"line":56,"column":0},"end":{"line":56,"column":62}},"56":{"start":{"line":57,"column":0},"end":{"line":57,"column":60}},"57":{"start":{"line":58,"column":0},"end":{"line":58,"column":25}},"58":{"start":{"line":59,"column":0},"end":{"line":59,"column":20}},"59":{"start":{"line":60,"column":0},"end":{"line":60,"column":18}},"60":{"start":{"line":61,"column":0},"end":{"line":61,"column":16}},"62":{"start":{"line":63,"column":0},"end":{"line":63,"column":43}},"63":{"start":{"line":64,"column":0},"end":{"line":64,"column":67}},"64":{"start":{"line":65,"column":0},"end":{"line":65,"column":44}},"65":{"start":{"line":66,"column":0},"end":{"line":66,"column":20}},"66":{"start":{"line":67,"column":0},"end":{"line":67,"column":113}},"68":{"start":{"line":69,"column":0},"end":{"line":69,"column":23}},"69":{"start":{"line":70,"column":0},"end":{"line":70,"column":113}},"71":{"start":{"line":72,"column":0},"end":{"line":72,"column":23}},"72":{"start":{"line":73,"column":0},"end":{"line":73,"column":113}},"74":{"start":{"line":75,"column":0},"end":{"line":75,"column":23}},"75":{"start":{"line":76,"column":0},"end":{"line":76,"column":113}},"77":{"start":{"line":78,"column":0},"end":{"line":78,"column":23}},"78":{"start":{"line":79,"column":0},"end":{"line":79,"column":113}},"80":{"start":{"line":81,"column":0},"end":{"line":81,"column":23}},"81":{"start":{"line":82,"column":0},"end":{"line":82,"column":21}},"82":{"start":{"line":83,"column":0},"end":{"line":83,"column":22}},"83":{"start":{"line":84,"column":0},"end":{"line":84,"column":67}},"84":{"start":{"line":85,"column":0},"end":{"line":85,"column":38}},"85":{"start":{"line":86,"column":0},"end":{"line":86,"column":65}},"86":{"start":{"line":87,"column":0},"end":{"line":87,"column":64}},"87":{"start":{"line":88,"column":0},"end":{"line":88,"column":27}},"88":{"start":{"line":89,"column":0},"end":{"line":89,"column":92}},"89":{"start":{"line":90,"column":0},"end":{"line":90,"column":81}},"90":{"start":{"line":91,"column":0},"end":{"line":91,"column":28}},"91":{"start":{"line":92,"column":0},"end":{"line":92,"column":25}},"92":{"start":{"line":93,"column":0},"end":{"line":93,"column":64}},"93":{"start":{"line":94,"column":0},"end":{"line":94,"column":152}},"94":{"start":{"line":95,"column":0},"end":{"line":95,"column":43}},"95":{"start":{"line":96,"column":0},"end":{"line":96,"column":29}},"96":{"start":{"line":97,"column":0},"end":{"line":97,"column":25}},"97":{"start":{"line":98,"column":0},"end":{"line":98,"column":86}},"98":{"start":{"line":99,"column":0},"end":{"line":99,"column":43}},"99":{"start":{"line":100,"column":0},"end":{"line":100,"column":25}},"100":{"start":{"line":101,"column":0},"end":{"line":101,"column":86}},"101":{"start":{"line":102,"column":0},"end":{"line":102,"column":70}},"102":{"start":{"line":103,"column":0},"end":{"line":103,"column":25}},"103":{"start":{"line":104,"column":0},"end":{"line":104,"column":84}},"104":{"start":{"line":105,"column":0},"end":{"line":105,"column":28}},"105":{"start":{"line":106,"column":0},"end":{"line":106,"column":54}},"106":{"start":{"line":107,"column":0},"end":{"line":107,"column":99}},"107":{"start":{"line":108,"column":0},"end":{"line":108,"column":23}},"109":{"start":{"line":110,"column":0},"end":{"line":110,"column":29}},"110":{"start":{"line":111,"column":0},"end":{"line":111,"column":97}},"112":{"start":{"line":113,"column":0},"end":{"line":113,"column":31}},"113":{"start":{"line":114,"column":0},"end":{"line":114,"column":25}},"114":{"start":{"line":115,"column":0},"end":{"line":115,"column":23}},"115":{"start":{"line":116,"column":0},"end":{"line":116,"column":19}},"116":{"start":{"line":117,"column":0},"end":{"line":117,"column":22}},"117":{"start":{"line":118,"column":0},"end":{"line":118,"column":20}},"118":{"start":{"line":119,"column":0},"end":{"line":119,"column":16}},"119":{"start":{"line":120,"column":0},"end":{"line":120,"column":14}},"120":{"start":{"line":121,"column":0},"end":{"line":121,"column":12}},"121":{"start":{"line":122,"column":0},"end":{"line":122,"column":10}},"123":{"start":{"line":124,"column":0},"end":{"line":124,"column":1}}},"s":{"0":0,"5":0,"6":0,"7":0,"8":0,"9":0,"10":0,"12":0,"13":0,"14":0,"15":0,"17":0,"18":0,
[...]
"line":142,"column":0},"end":{"line":142,"column":16}},"142":{"start":{"line":143,"column":0},"end":{"line":143,"column":3}},"144":{"start":{"line":145,"column":0},"end":{"line":145,"column":92}},"145":{"start":{"line":146,"column":0},"end":{"line":146,"column":60}},"146":{"start":{"line":147,"column":0},"end":{"line":147,"column":55}},"147":{"start":{"line":148,"column":0},"end":{"line":148,"column":87}},"148":{"start":{"line":149,"column":0},"end":{"line":149,"column":64}},"149":{"start":{"line":150,"column":0},"end":{"line":150,"column":52}},"150":{"start":{"line":151,"column":0},"end":{"line":151,"column":64}},"151":{"start":{"line":152,"column":0},"end":{"line":152,"column":83}},"152":{"start":{"line":153,"column":0},"end":{"line":153,"column":81}},"153":{"start":{"line":154,"column":0},"end":{"line":154,"column":6}},"155":{"start":{"line":156,"column":0},"end":{"line":156,"column":27}},"156":{"start":{"line":157,"column":0},"end":{"line":157,"column":20}},"157":{"start":{"line":158,"column":0},"end":{"line":158,"column":22}},"158":{"start":{"line":159,"column":0},"end":{"line":159,"column":30}},"159":{"start":{"line":160,"column":0},"end":{"line":160,"column":19}},"161":{"start":{"line":162,"column":0},"end":{"line":162,"column":24}},"162":{"start":{"line":163,"column":0},"end":{"line":163,"column":3}},"164":{"start":{"line":165,"column":0},"end":{"line":165,"column":50}},"165":{"start":{"line":166,"column":0},"end":{"line":166,"column":66}},"166":{"start":{"line":167,"column":0},"end":{"line":167,"column":38}},"167":{"start":{"line":168,"column":0},"end":{"line":168,"column":3}},"170":{"start":{"line":171,"column":0},"end":{"line":171,"column":29}},"171":{"start":{"line":172,"column":0},"end":{"line":172,"column":15}},"172":{"start":{"line":173,"column":0},"end":{"line":173,"column":15}},"173":{"start":{"line":174,"column":0},"end":{"line":174,"column":27}},"174":{"start":{"line":175,"column":0},"end":{"line":175,"column":25}},"175":{"start":{"line":176,"column":0},"end":{"line":176,"column":34}},"176":{"start":{"line":177,"column":0},"end":{"line":177,"column":42}},"177":{"start":{"line":178,"column":0},"end":{"line":178,"column":54}},"178":{"start":{"line":179,"column":0},"end":{"line":179,"column":19}},"179":{"start":{"line":180,"column":0},"end":{"line":180,"column":61}},"180":{"start":{"line":181,"column":0},"end":{"line":181,"column":58}},"181":{"start":{"line":182,"column":0},"end":{"line":182,"column":10}},"182":{"start":{"line":183,"column":0},"end":{"line":183,"column":51}},"183":{"start":{"line":184,"column":0},"end":{"line":184,"column":21}},"184":{"start":{"line":185,"column":0},"end":{"line":185,"column":24}},"185":{"start":{"line":186,"column":0},"end":{"line":186,"column":31}},"186":{"start":{"line":187,"column":0},"end":{"line":187,"column":54}},"187":{"start":{"line":188,"column":0},"end":{"line":188,"column":66}},"188":{"start":{"line":189,"column":0},"end":{"line":189,"column":51}},"189":{"start":{"line":190,"column":0},"end":{"line":190,"column":21}},"190":{"start":{"line":191,"column":0},"end":{"line":191,"column":24}},"191":{"start":{"line":192,"column":0},"end":{"line":192,"column":32}},"192":{"start":{"line":193,"column":0},"end":{"line":193,"column":54}},"193":{"start":{"line":194,"column":0},"end":{"line":194,"column":64}},"194":{"start":{"line":195,"column":0},"end":{"line":195,"column":51}},"195":{"start":{"line":196,"column":0},"end":{"line":196,"column":21}},"196":{"start":{"line":197,"column":0},"end":{"line":197,"column":24}},"197":{"start":{"line":198,"column":0},"end":{"line":198,"column":12}},"198":{"start":{"line":199,"column":0},"end":{"line":199,"column":54}},"199":{"start":{"line":200,"column":0},"end":{"line":200,"column":51}},"200":{"start":{"line":201,"column":0},"end":{"line":201,"column":21}},"201":{"start":{"line":202,"column":0},"end":{"line":202,"column":24}},"202":{"start":{"line":203,"column":0},"end":{"line":203,"column":5}},"203":{"start":{"line":204,"column":0},"end":{"line":204,"column":3}},"205":{"start":{"line":206,"column":0},"end":{"line":206,"column":31}},"206":{"start":{"line":207,"column":0},"end":{"line":207,"column":45}},"207":{"start":{"line":208,"column":0},"end":{"line":208,"column":19}},"208":{"start":{"line":209,"column":0},"end":{"line":209,"column":32}},"209":{"start":{"line":210,"column":0},"end":{"line":210,"column":46}},"210":{"start":{"line":211,"column":0},"end":{"line":211,"column":19}},"211":{"start":{"line":212,"column":0},"end":{"line":212,"column":58}},"212":{"start":{"line":213,"column":0},"end":{"line":213,"column":38}},"213":{"start":{"line":214,"column":0},"end":{"line":214,"column":14}},"214":{"start":{"line":215,"column":0},"end":{"line":215,"column":43}},"215":{"start":{"line":216,"column":0},"end":{"line":216,"column":46}},"216":{"start":{"line":217,"column":0},"end":{"line":217,"column":42}},"217":{"start":{"line":218,"column":0},"end":{"line":218,"column":37}},"218":{"start":{"line":219,"column":0},"end":{"line":219,"column":58}},"219":{"start":{"line":220,"column":0},"end":{"line":220,"column":6}},"221":{"start":{"line":222,"column":0},"end":{"line":222,"column":84}},"222":{"start":{"line":223,"column":0},"end":{"line":223,"column":17}},"223":{"start":{"line":224,"column":0},"end":{"line":224,"column":3}},"225":{"start":{"line":226,"column":0},"end":{"line":226,"column":74}},"226":{"start":{"line":227,"column":0},"end":{"line":227,"column":77}},"227":{"start":{"line":228,"column":0},"end":{"line":228,"column":41}},"229":{"start":{"line":230,"column":0},"end":{"line":230,"column":58}},"230":{"start":{"line":231,"column":0},"end":{"line":231,"column":3}},"232":{"start":{"line":233,"column":0},"end":{"line":233,"column":24}},"233":{"start":{"line":234,"column":0},"end":{"line":234,"column":15}},"234":{"start":{"line":235,"column":0},"end":{"line":235,"column":15}},"235":{"start":{"line":236,"column":0},"end":{"line":236,"column":20}},"236":{"start":{"line":237,"column":0},"end":{"line":237,"column":25}},"237":{"start":{"line":238,"column":0},"end":{"line":238,"column":30}},"238":{"start":{"line":239,"column":0},"end":{"line":239,"column":34}},"239":{"start":{"line":240,"column":0},"end":{"line":240,"column":56}},"240":{"start":{"line":241,"column":0},"end":{"line":241,"column":65}},"243":{"start":{"line":244,"column":0},"end":{"line":244,"column":36}},"244":{"start":{"line":245,"column":0},"end":{"line":245,"column":53}},"245":{"start":{"line":246,"column":0},"end":{"line":246,"column":52}},"246":{"start":{"line":247,"column":0},"end":{"line":247,"column":7}},"247":{"start":{"line":248,"column":0},"end":{"line":248,"column":59}},"248":{"start":{"line":249,"column":0},"end":{"line":249,"column":5}},"251":{"start":{"line":252,"column":0},"end":{"line":252,"column":48}},"252":{"start":{"line":253,"column":0},"end":{"line":253,"column":69}},"253":{"start":{"line":254,"column":0},"end":{"line":254,"column":67}},"254":{"start":{"line":255,"column":0},"end":{"line":255,"column":18}},"256":{"start":{"line":257,"column":0},"end":{"line":257,"column":57}},"257":{"start":{"line":258,"column":0},"end":{"line":258,"column":72}},"258":{"start":{"line":259,"column":0},"end":{"line":259,"column":56}},"260":{"start":{"line":261,"column":0},"end":{"line":261,"column":33}},"261":{"start":{"line":262,"column":0},"end":{"line":262,"column":7}},"262":{"start":{"line":263,"column":0},"end":{"line":263,"column":5}},"265":{"start":{"line":266,"column":0},"end":{"line":266,"column":23}},"266":{"start":{"line":267,"column":0},"end":{"line":267,"column":70}},"267":{"start":{"line":268,"column":0},"end":{"line":268,"column":37}},"268":{"start":{"line":269,"column":0},"end":{"line":269,"column":3}},"271":{"start":{"line":272,"column":0},"end":{"line":272,"column":81}},"272":{"start":{"line":273,"column":0},"end":{"line":273,"column":50}},"273":{"start":{"line":274,"column":0},"end":{"line":274,"column":45}},"274":{"start":{"line":275,"column":0},"end":{"line":275,"column":18}},"275":{"start":{"line":276,"column":0},"end":{"line":276,"column":5}},"276":{"start":{"line":277,"column":0},"end":{"line":277,"column":16}},"277":{"start":{"line":278,"column":0},"end":{"line":278,"column":3}},"280":{"start":{"line":281,"column":0},"end":{"line":281,"column":98}},"281":{"start":{"line":282,"column":0},"end":{"line":282,"column":41}},"284":{"start":{"line":285,"column":0},"end":{"line":285,"column":94}},"286":{"start":{"line":287,"column":0},"end":{"line":287,"column":39}},"287":{"start":{"line":288,"column":0},"end":{"line":288,"column":60}},"290":{"start":{"line":291,"column":0},"end":{"line":291,"column":88}},"292":{"start":{"line":293,"column":0},"end":{"line":293,"column":35}},"293":{"start":{"line":294,"column":0},"end":{"line":294,"column":35}},"294":{"start":{"line":295,"column":0},"end":{"line":295,"column":95}},"295":{"start":{"line":296,"column":0},"end":{"line":296,"column":49}},"296":{"start":{"line":297,"column":0},"end":{"line":297,"column":39}},"297":{"start":{"line":298,"column":0},"end":{"line":298,"column":40}},"298":{"start":{"line":299,"column":0},"end":{"line":299,"column":51}},"299":{"start":{"line":300,"column":0},"end":{"line":300,"column":39}},"300":{"start":{"line":301,"column":0},"end":{"line":301,"column":35}},"301":{"start":{"line":302,"column":0},"end":{"line":302,"column":30}},"302":{"start":{"line":303,"column":0},"end":{"line":303,"column":35}},"303":{"start":{"line":304,"column":0},"end":{"line":304,"column":39}},"304":{"start":{"line":305,"column":0},"end":{"line":305,"column":38}},"305":{"start":{"line":306,"column":0},"end":{"line":306,"column":6}},"308":{"start":{"line":309,"column":0},"end":{"line":309,"column":39}},"309":{"start":{"line":310,"column":0},"end":{"line":310,"column":56}},"310":{"start":{"line":311,"column":0},"end":{"line":311,"column":44}},"311":{"start":{"line":312,"column":0},"end":{"line":312,"column":51}},"312":{"start":{"line":313,"column":0},"end":{"line":313,"column":72}},"313":{"start":{"line":314,"column":0},"end":{"line":314,"column":66}},"314":{"start":{"line":315,"column":0},"end":{"line":315,"column":60}},"315":{"start":{"line":316,"column":0},"end":{"line":316,"column":53}},"316":{"start":{"line":317,"column":0},"end":{"line":317,"column":16}},"317":{"start":{"line":318,"column":0},"end":{"line":318,"column":43}},"318":{"start":{"line":319,"column":0},"end":{"line":319,"column":52}},"319":{"start":{"line":320,"column":0},"end":{"line":320,"column":16}},"320":{"start":{"line":321,"column":0},"end":{"line":321,"column":43}},"321":{"start":{"line":322,"column":0},"end":{"line":322,"column":52}},"322":{"start":{"line":323,"column":0},"end":{"line":323,"column":16}},"323":{"start":{"line":324,"column":0},"end":{"line":324,"column":44}},"324":{"start":{"line":325,"column":0},"end":{"line":325,"column":50}},"325":{"start":{"line":326,"column":0},"end":{"line":326,"column":16}},"326":{"start":{"line":327,"column":0},"end":{"line":327,"column":43}},"327":{"start":{"line":328,"column":0},"end":{"line":328,"column":52}},"328":{"start":{"line":329,"column":0},"end":{"line":329,"column":16}},"329":{"start":{"line":330,"column":0},"end":{"line":330,"column":44}},"330":{"start":{"line":331,"column":0},"end":{"line":331,"column":53}},"331":{"start":{"line":332,"column":0},"end":{"line":332,"column":16}},"332":{"start":{"line":333,"column":0},"end":{"line":333,"column":43}},"333":{"start":{"line":334,"column":0},"end":{"line":334,"column":60}},"334":{"start":{"line":335,"column":0},"end":{"line":335,"column":16}},"335":{"start":{"line":336,"column":0},"end":{"line":336,"column":48}},"336":{"start":{"line":337,"column":0},"end":{"line":337,"column":53}},"337":{"start":{"line":338,"column":0},"end":{"line":338,"column":16}},"338":{"start":{"line":339,"column":0},"end":{"line":339,"column":7}},"339":{"start":{"line":340,"column":0},"end":{"line":340,"column":41}},"340":{"start":{"line":341,"column":0},"end":{"line":341,"column":5}},"342":{"start":{"line":343,"column":0},"end":{"line":343,"column":17}},"343":{"start":{"line":344,"column":0},"end":{"line":344,"column":3}},"345":{"start":{"line":346,"column":0},"end":{"line":346,"column":66}},"348":{"start":{"line":349,"column":0},"end":{"line":349,"column":14}},"349":{"start":{"line":350,"column":0},"end":{"line":350,"column":3}},"350":{"start":{"line":351,"column":0},"end":{"line":351,"column":1}},"352":{"start":{"line":353,"column":0},"end":{"line":353,"column":45}}},"s":{"0":0,"46":0,"48":0,"49":0,"50":0,"51":0,"53":0,"54":0,"55":0,"56":0,"57":0,"58":0,"59":0,"60":0,"61":0,"62":0,"63":0,"64":0,"65":0,"66":0,"69":0,"70":0,"71":0,"72":0,"74":0,"75":0,"76":0,"77":0,"78":0,"79":0,"80":0,"81":0,"82":0,"84":0,"85":0,"86":0,"88":0,"89":0,"90":0,"91":0,"92":0,"93":0,"94":0,"95":0,"96":0,"98":0,"99":0,"100":0,"101":0,"102":0,"104":0,"105":0,"107":0,"108":0,"109":0,"110":0,"112":0,"113":0,"114":0,"117":0,"118":0,"119":0,"121":0,"122":0,"123":0,"124":0,"126":0,"127":0,"128":0,"129":0,"130":0,"131":0,"132":0,"133":0,"134":0,"135":0,"136":0,"137":0,"138":0,"140":0,"141":0,"142":0,"144":0,"145":0,"146":0,"147":0,"148":0,"149":0,"150":0,"151":0,"152":0,"153":0,"155":0,"156":0,"157":0,"158":0,"159":0,"161":0,"162":0,"164":0,"165":0,"166":0,"167":0,"170":0,"171":0,"172":0,"173":0,"174":0,"175":0,"176":0,"177":0,"178":0,"179":0,"180":0,"181":0,"182":0,"183":0,"184":0,"185":0,"186":0,"187":0,"188":0,"189":0,"190":0,"191":0,"192":0,"193":0,"194":0,"195":0,"196":0,"197":0,"198":0,"199":0,"200":0,"201":0,"202":0,"203":0,"205":0,"206":0,"207":0,"208":0,"209":0,"210":0,"211":0,"212":0,"213":0,"214":0,"215":0,"216":0,"217":0,"218":0,"219":0,"221":0,"222":0,"223":0,"225":0,"226":0,"227":0,"229":0,"230":0,"232":0,"233":0,"234":0,"235":0,"236":0,"237":0,"238":0,"239":0,"240":0,"243":0,"244":0,"245":0,"246":0,"247":0,"248":0,"251":0,"252":0,"253":0,"254":0,"256":0,"257":0,"258":0,"260":0,"261":0,"262":0,"265":0,"266":0,"267":0,"268":0,"271":0,"272":0,"273":0,"274":0,"275":0,"276":0,"277":0,"280":0,"281":0,"284":0,"286":0,"287":0,"290":0,"292":0,"293":0,"294":0,"295":0,"296":0,"297":0,"298":0,"299":0,"300":0,"301":0,"302":0,"303":0,"304":0,"305":0,"308":0,"309":0,"310":0,"311":0,"312":0,"313":0,"314":0,"315":0,"316":0,"317":0,"318":0,"319":0,"320":0,"321":0,"322":0,"323":0,"324":0,"325":0,"326":0,"327":0,"328":0,"329":0,"330":0,"331":0,"332":0,"333":0,"334":0,"335":0,"336":0,"337":0,"338":0,"339":0,"340":0,"342":0,"343":0,"345":0,"348":0,"349":0,"350":0,"352":0},"branchMap":{"0":{"type":"branch","line":1,"loc":{"start":{"line":1,"column":12502},"end":{"line":353,"column":45}},"locations":[{"start":{"line":1,"column":12502},"end":{"line":353,"column":45}}]}},"b":{"0":[0]},"fnMap":{"0":{"name":"(empty-report)","decl":{"start":{"line":1,"column":12502},"end":{"line":353,"column":45}},"loc":{"start":{"line":1,"column":12502},"end":{"line":353,"column":45}},"line":1}},"f":{"0":0}}
,"/home/aaron/Projects/toolshed/shared/schema.ts": {"path":"/home/aaron/Projects/toolshed/shared/schema.ts","all":true,"statementMap":{"0":{"start":{"line":1,"column":0},"end":{"line":1,"column":8}},"14":{"start":{"line":15,"column":0},"end":{"line":15,"column":32}},"15":{"start":{"line":16,"column":0},"end":{"line":16,"column":13}},"16":{"start":{"line":17,"column":0},"end":{"line":17,"column":3}},"17":{"start":{"line":18,"column":0},"end":{"line":18,"column":37}},"18":{"start":{"line":19,"column":0},"end":{"line":19,"column":34}},"19":{"start":{"line":20,"column":0},"end":{"line":20,"column":42}},"20":{"start":{"line":21,"column":0},"end":{"line":21,"column":4}},"21":{"start":{"line":22,"column":0},"end":{"line":22,"column":60}},"22":{"start":{"line":23,"column":0},"end":{"line":23,"column":2}},"25":{"start":{"line":26,"column":0},"end":{"line":26,"column":39}},"26":{"start":{"line":27,"column":0},"end":{"line":27,"column":43}},"27":{"start":{"line":28,"column":0},"end":{"line":28,"column":51}},"28":{"start":{"line":29,"column":0},"end":{"line":29,"column":62}},"29":{"start":{"line":30,"column":0},"end":{"line":30,"column":59}},"30":{"start":{"line":31,"column":0},"end":{"line":31,"column":79}},"31":{"start":{"line":32,"column":0},"end":{"line":32,"column":82}},"32":{"start":{"line":33,"column":0},"end":{"line":33,"column":60}},"33":{"start":{"line":34,"column":0},"end":{"line":34,"column":60}},"34":{"start":{"line":35,"column":0},"end":{"line":35,"column":3}},"37":{"start":{"line":38,"column":0},"end":{"line":38,"column":39}},"38":{"start":{"line":39,"column":0},"end":{"line":39,"column":43}},"39":{"start":{"line":40,"column":0},"end":{"line":40,"column":68}},"40":{"start":{"line":41,"column":0},"end":{"line":41,"column":53}},"41":{"start":{"line":42,"column":0},"end":{"line":42,"column":35}},"42":{"start":{"line":43,"column":0},"end":{"line":43,"column":59}},"43":{"start":{"line":44,"column":0},"end":{"line":44,"column":52}},"44":{"start":{"line":45,"column":0},"end":{"line":45,"column":59}},"45":{"start":{"line":46,"column":0},"end":{"line":46,"column":52}},"46":{"start":{"line":47,"column":0},"end":{"line":47,"column":64}},"47":{"start":{"line":48,"column":0},"end":{"line":48,"column":72}},"48":{"start":{"line":49,"column":0},"end":{"line":49,"column":60}},"49":{"start":{"line":50,"column":0},"end":{"line":50,"column":3}},"52":{"start":{"line":53,"column":0},"end":{"line":53,"column":64}},"53":{"start":{"line":54,"column":0},"end":{"line":54,"column":43}},"54":{"start":{"line":55,"column":0},"end":{"line":55,"column":53}},"55":{"start":{"line":56,"column":0},"end":{"line":56,"column":61}},"56":{"start":{"line":57,"column":0},"end":{"line":57,"column":68}},"57":{"start":{"line":58,"column":0},"end":{"line":58,"column":59}},"58":{"start":{"line":59,"column":0},"end":{"line":59,"column":32}},"59":{"start":{"line":60,"column":0},"end":{"line":60,"column":37}},"60":{"start":{"line":61,"column":0},"end":{"line":61,"column":33}},"61":{"start":{"line":62,"column":0},"end":{"line":62,"column":23}},"62":{"start":{"line":63,"column":0},"end":{"line":63,"column":47}},"63":{"start":{"line":64,"column":0},"end":{"line":64,"column":3}},"66":{"start":{"line":67,"column":0},"end":{"line":67,"column":63}},"67":{"start":{"line":68,"column":0},"end":{"line":68,"column":21}},"68":{"start":{"line":69,"column":0},"end":{"line":69,"column":45}},"69":{"start":{"line":70,"column":0},"end":{"line":70,"column":4}},"71":{"start":{"line":72,"column":0},"end":{"line":72,"column":62}},"72":{"start":{"line":73,"column":0},"end":{"line":73,"column":21}},"73":{"start":{"line":74,"column":0},"end":{"line":74,"column":28}},"74":{"start":{"line":75,"column":0},"end":{"line":75,"column":27}},"75":{"start":{"line":76,"column":0},"end":{"line":76,"column":5}},"76":{"start":{"line":77,"column":0},"end":{"line":77,"column":4}},"78":{"start":{"line":79,"column":0},"end":{"line":79,"column":86}},"79":{"start":{"line":80,"column":0},"end":{"line":80,"column":21}},"80":{"start":{"line":81,"column":0},"end":{"line":81,"column":40}},"81":{"start":{"line":82,"column":0},"end":{"line":82,"column":27}},"82":{"start":{"line":83,"column":0},"end":{"line":83,"column":5}},"83":{"start":{"line":84,"column":0},"end":{"line":84,"column":4}}},"s":{"0":0,"14":0,"15":0,"16":0,"17":0,"18":0,"19":0,"20":0,"21":0,"22":0,"25":0,"26":0,"27":0,"28":0,"29":0,"30":0,"31":0,"32":0,"33":0,"34":0,"37":0,"38":0,"39":0,"40":0,"41":0,"42":0,"43":0,"44":0,"45":0,"46":0,"47":0,"48":0,"49":0,"52":0,"53":0,"54":0,"55":0,"56":0,"57":0,"58":0,"59":0,"60":0,"61":0,"62":0,"63":0,"66":0,"67":0,"68":0,"69":0,"71":0,"72":0,"73":0,"74":0,"75":0,"76":0,"78":0,"79":0,"80":0,"81":0,"82":0,"83":0},"branchMap":{"0":{"type":"branch","line":1,"loc":{"start":{"line":1,"column":0},"end":{"line":92,"column":-947}},"locations":[{"start":{"line":1,"column":0},"end":{"line":92,"column":-947}}]}},"b":{"0":[0]},"fnMap":{"0":{"name":"(empty-report)","decl":{"start":{"line":1,"column":0},"end":{"line":92,"column":-947}},"loc":{"start":{"line":1,"column":0},"end":{"line":92,"column":-947}},"line":1}},"f":{"0":0}}
}
